#
# A fatal error has been detected by the Java Runtime Environment:
#
#  Internal Error (node.cpp:2388), pid=9328, tid=9378
#  Error: ShouldNotReachHere()
#
# JRE version: OpenJDK Runtime Environment (11.0.5+10) (build 11.0.5+10-post-Ubuntu-0ubuntu1.118.04)
# Java VM: OpenJDK 64-Bit Server VM (11.0.5+10-post-Ubuntu-0ubuntu1.118.04, mixed mode, tiered, compressed oops, g1 gc, linux-aarch64)
# Core dump will be written. Default location: core.9328 (may not exist)
#
# If you would like to submit a bug report, please visit:
#   Unknown
#

---------------  S U M M A R Y ------------

Command Line: -Dmetals.input-box=on -Dmetals.client=vscode -Xss4m -Xms100m scala.meta.metals.Main

Host: Microsoft SQ1 @ 3.0 GHz, 8 cores, 15G, Ubuntu 18.04.3 LTS
Time: Thu Jan  2 09:30:33 2020 PST elapsed time: 18 seconds (0d 0h 0m 18s)

---------------  T H R E A D  ---------------

Current thread (0x00007fb38000e000):  JavaThread "C2 CompilerThread1" daemon [_thread_in_native, id=9378, stack(0x00007fb3a0940000,0x00007fb3a0b40000)]


Current CompileTask:
C2:  18206 8438       4       java.lang.ClassLoader::defineClass (43 bytes)

Stack: [0x00007fb3a0940000,0x00007fb3a0b40000],  sp=0x00007fb3a0b3a4d0,  free space=2025k
Native frames: (J=compiled Java code, A=aot compiled Java code, j=interpreted, Vv=VM code, C=native code)
V  [libjvm.so+0xbc5bc4]
V  [libjvm.so+0xbc64d8]
V  [libjvm.so+0x4e0e34]
V  [libjvm.so+0x99fbf4]
V  [libjvm.so+0xa259ec]
V  [libjvm.so+0xa267fc]
V  [libjvm.so+0x8b6ba0]
V  [libjvm.so+0x8b7b6c]
V  [libjvm.so+0x8b15dc]
V  [libjvm.so+0x482d90]
V  [libjvm.so+0x484094]
V  [libjvm.so+0x3a1f90]
V  [libjvm.so+0x48d9e4]
V  [libjvm.so+0x48ee84]
V  [libjvm.so+0xb5f5c8]
V  [libjvm.so+0xb5f888]
V  [libjvm.so+0xb5c3fc]
V  [libjvm.so+0x9d2068]
C  [libpthread.so.0+0x7088]  start_thread+0xb0


---------------  P R O C E S S  ---------------

Threads class SMR info:
_java_thread_list=0x00007fb38010af10, length=40, elements={
0x00007fb3d8016800, 0x00007fb3d8176000, 0x00007fb3d817a000, 0x00007fb3d818f800,
0x00007fb3d8191800, 0x00007fb3d8193800, 0x00007fb3d8195800, 0x00007fb3d8225000,
0x00007fb3d8236800, 0x00007fb3da336800, 0x00007fb36c025000, 0x00007fb36158e800,
0x00007fb361590000, 0x00007fb36c018000, 0x00007fb38000e000, 0x00007fb36c3e6000,
0x00007fb36c3e7000, 0x00007fb36c3e8000, 0x00007fb361550000, 0x00007fb361162000,
0x00007fb36c416800, 0x00007fb36c454000, 0x00007fb340007800, 0x00007fb32402c800,
0x00007fb30c002000, 0x00007fb30c003800, 0x00007fb30c006000, 0x00007fb32402e800,
0x00007fb30c008800, 0x00007fb2f8002000, 0x00007fb30c00d000, 0x00007fb2f8006800,
0x00007fb2fc001000, 0x00007fb324030000, 0x00007fb2f0008000, 0x00007fb2f4002000,
0x00007fb36c6e1800, 0x00007fb310013000, 0x00007fb34000c000, 0x00007fb38097e800
}

Java Threads: ( => current thread )
  0x00007fb3d8016800 JavaThread "main" [_thread_blocked, id=9329, stack(0x00007fb3dca20000,0x00007fb3dce20000)]
  0x00007fb3d8176000 JavaThread "Reference Handler" daemon [_thread_blocked, id=9336, stack(0x00007fb3a3100000,0x00007fb3a3500000)]
  0x00007fb3d817a000 JavaThread "Finalizer" daemon [_thread_blocked, id=9337, stack(0x00007fb3a2d00000,0x00007fb3a3100000)]
  0x00007fb3d818f800 JavaThread "Signal Dispatcher" daemon [_thread_blocked, id=9338, stack(0x00007fb3a25f0000,0x00007fb3a29f0000)]
  0x00007fb3d8191800 JavaThread "C2 CompilerThread0" daemon [_thread_blocked, id=9339, stack(0x00007fb3a23f0000,0x00007fb3a25f0000)]
  0x00007fb3d8193800 JavaThread "C1 CompilerThread0" daemon [_thread_in_vm, id=9340, stack(0x00007fb3a21f0000,0x00007fb3a23f0000)]
  0x00007fb3d8195800 JavaThread "Sweeper thread" daemon [_thread_blocked, id=9341, stack(0x00007fb3a1df0000,0x00007fb3a21f0000)]
  0x00007fb3d8225000 JavaThread "Service Thread" daemon [_thread_blocked, id=9342, stack(0x00007fb3a19f0000,0x00007fb3a1df0000)]
  0x00007fb3d8236800 JavaThread "Common-Cleaner" daemon [_thread_blocked, id=9344, stack(0x00007fb3a13e0000,0x00007fb3a17e0000)]
  0x00007fb3da336800 JavaThread "pool-1-thread-1" [_thread_in_vm, id=9347, stack(0x00007fb3a0140000,0x00007fb3a0540000)]
  0x00007fb36c025000 JavaThread "pool-1-thread-2" [_thread_blocked, id=9348, stack(0x00007fb367a00000,0x00007fb367e00000)]
  0x00007fb36158e800 JavaThread "pool-1-thread-3" [_thread_blocked, id=9362, stack(0x00007fb3667b0000,0x00007fb366bb0000)]
  0x00007fb361590000 JavaThread "ForkJoinPool.commonPool-worker-3" daemon [_thread_blocked, id=9363, stack(0x00007fb3663b0000,0x00007fb3667b0000)]
  0x00007fb36c018000 JavaThread "pool-2-thread-1" [_thread_blocked, id=9364, stack(0x00007fb365fb0000,0x00007fb3663b0000)]
=>0x00007fb38000e000 JavaThread "C2 CompilerThread1" daemon [_thread_in_native, id=9378, stack(0x00007fb3a0940000,0x00007fb3a0b40000)]
  0x00007fb36c3e6000 JavaThread "H2 File Lock Watchdog /home/leo/work/airframe/.metals/metals.lock.db" daemon [_thread_blocked, id=9380, stack(0x00007fb3659b0000,0x00007fb365db0000)]
  0x00007fb36c3e7000 JavaThread "H2 TCP Server (tcp://localhost:51260)" daemon [_thread_in_native, id=9381, stack(0x00007fb364b90000,0x00007fb364f90000)]
  0x00007fb36c3e8000 JavaThread "H2 Log Writer METALS" daemon [_thread_blocked, id=9383, stack(0x00007fb3653b0000,0x00007fb3657b0000)]
  0x00007fb361550000 JavaThread "process reaper" daemon [_thread_blocked, id=9387, stack(0x00007fb3a00f0000,0x00007fb3a011a000)]
  0x00007fb361162000 JavaThread "scala-execution-context-global-36" daemon [_thread_blocked, id=9392, stack(0x00007fb364390000,0x00007fb364790000)]
  0x00007fb36c416800 JavaThread "pool-1-thread-4" [_thread_blocked, id=9393, stack(0x00007fb31f800000,0x00007fb31fc00000)]
  0x00007fb36c454000 JavaThread "pool-1-thread-5" [_thread_blocked, id=9394, stack(0x00007fb31f400000,0x00007fb31f800000)]
  0x00007fb340007800 JavaThread "pool-1-thread-6" [_thread_blocked, id=9395, stack(0x00007fb31f000000,0x00007fb31f400000)]
  0x00007fb32402c800 JavaThread "scala-execution-context-global-40" daemon [_thread_blocked, id=9396, stack(0x00007fb31ec00000,0x00007fb31f000000)]
  0x00007fb30c002000 JavaThread "pool-6-thread-1" daemon [_thread_blocked, id=9397, stack(0x00007fb31e800000,0x00007fb31ec00000)]
  0x00007fb30c003800 JavaThread "pool-6-thread-2" daemon [_thread_blocked, id=9398, stack(0x00007fb31e400000,0x00007fb31e800000)]
  0x00007fb30c006000 JavaThread "scala-execution-context-global-43" daemon [_thread_blocked, id=9399, stack(0x00007fb31e000000,0x00007fb31e400000)]
  0x00007fb32402e800 JavaThread "scala-execution-context-global-44" daemon [_thread_blocked, id=9400, stack(0x00007fb31dc00000,0x00007fb31e000000)]
  0x00007fb30c008800 JavaThread "pool-6-thread-3" daemon [_thread_blocked, id=9401, stack(0x00007fb31d800000,0x00007fb31dc00000)]
  0x00007fb2f8002000 JavaThread "pool-6-thread-4" daemon [_thread_blocked, id=9402, stack(0x00007fb31d400000,0x00007fb31d800000)]
  0x00007fb30c00d000 JavaThread "pool-6-thread-5" daemon [_thread_blocked, id=9403, stack(0x00007fb31d000000,0x00007fb31d400000)]
  0x00007fb2f8006800 JavaThread "pool-6-thread-6" daemon [_thread_blocked, id=9404, stack(0x00007fb31cc00000,0x00007fb31d000000)]
  0x00007fb2fc001000 JavaThread "scala-execution-context-global-53" daemon [_thread_blocked, id=9411, stack(0x00007fb2dfc00000,0x00007fb2e0000000)]
  0x00007fb324030000 JavaThread "scala-execution-context-global-56" daemon [_thread_blocked, id=9412, stack(0x00007fb31c600000,0x00007fb31ca00000)]
  0x00007fb2f0008000 JavaThread "scala-execution-context-global-55" daemon [_thread_blocked, id=9413, stack(0x00007fb2df800000,0x00007fb2dfc00000)]
  0x00007fb2f4002000 JavaThread "scala-execution-context-global-54" daemon [_thread_blocked, id=9414, stack(0x00007fb2df400000,0x00007fb2df800000)]
  0x00007fb36c6e1800 JavaThread "pool-1-thread-7" [_thread_blocked, id=9434, stack(0x00007fb31c200000,0x00007fb31c600000)]
  0x00007fb310013000 JavaThread "pool-1-thread-9" [_thread_in_Java, id=9435, stack(0x00007fb2de400000,0x00007fb2de800000)]
  0x00007fb34000c000 JavaThread "pool-1-thread-8" [_thread_blocked, id=9436, stack(0x00007fb2de000000,0x00007fb2de400000)]
  0x00007fb38097e800 JavaThread "C2 CompilerThread2" daemon [_thread_blocked, id=9449, stack(0x00007fb366db0000,0x00007fb366fb0000)]

Other Threads:
  0x00007fb3d816e000 VMThread "VM Thread" [stack: 0x00007fb3a3502000,0x00007fb3a3702000] [id=9335]
  0x00007fb3d8227800 WatcherThread [stack: 0x00007fb3a17e2000,0x00007fb3a19e2000] [id=9343]
  0x00007fb3d802f000 GCTaskThread "GC Thread#0" [stack: 0x00007fb3dc4d2000,0x00007fb3dc6d2000] [id=9330]
  0x00007fb398001000 GCTaskThread "GC Thread#1" [stack: 0x00007fb3a0d42000,0x00007fb3a0f42000] [id=9345]
  0x00007fb398004000 GCTaskThread "GC Thread#2" [stack: 0x00007fb3677f2000,0x00007fb3679f2000] [id=9349]
  0x00007fb398005800 GCTaskThread "GC Thread#3" [stack: 0x00007fb3675e2000,0x00007fb3677e2000] [id=9350]
  0x00007fb398007000 GCTaskThread "GC Thread#4" [stack: 0x00007fb3673d2000,0x00007fb3675d2000] [id=9351]
  0x00007fb398008800 GCTaskThread "GC Thread#5" [stack: 0x00007fb3671c2000,0x00007fb3673c2000] [id=9352]
  0x00007fb398022000 GCTaskThread "GC Thread#6" [stack: 0x00007fb3651a2000,0x00007fb3653a2000] [id=9374]
  0x00007fb398023000 GCTaskThread "GC Thread#7" [stack: 0x00007fb364f92000,0x00007fb365192000] [id=9375]
  0x00007fb3d808c800 ConcurrentGCThread "G1 Main Marker" [stack: 0x00007fb3c0212000,0x00007fb3c0412000] [id=9331]
  0x00007fb3d808e800 ConcurrentGCThread "G1 Conc#0" [stack: 0x00007fb3c0002000,0x00007fb3c0202000] [id=9332]
  0x00007fb3ac001000 ConcurrentGCThread "G1 Conc#1" [stack: 0x00007fb366fb2000,0x00007fb3671b2000] [id=9353]
  0x00007fb3d8109800 ConcurrentGCThread "G1 Refine#0" [stack: 0x00007fb3b0252000,0x00007fb3b0452000] [id=9333]
  0x00007fb3d810b800 ConcurrentGCThread "G1 Young RemSet Sampling" [stack: 0x00007fb3b0042000,0x00007fb3b0242000] [id=9334]

Threads with active compile tasks:
C1 CompilerThread0  18223 8819       1       scala.meta.Defn$Val$DefnValImpl::_decltpe (5 bytes)
C2 CompilerThread1  18224 8438       4       java.lang.ClassLoader::defineClass (43 bytes)

VM state:not at safepoint (normal execution)

VM Mutex/Monitor currently owned by a thread: None

Heap address: 0x0000000708600000, size: 3962 MB, Compressed Oops mode: Zero based, Oop shift amount: 3
Narrow klass base: 0x0000000800000000, Narrow klass shift: 0
Compressed class space size: 1073741824 Address: 0x0000000800000000

Heap:
 garbage-first heap   total 215040K, used 40095K [0x0000000708600000, 0x0000000800000000)
  region size 1024K, 22 young (22528K), 13 survivors (13312K)
 Metaspace       used 78169K, capacity 82283K, committed 82432K, reserved 1118208K
  class space    used 11356K, capacity 13471K, committed 13568K, reserved 1048576K
Heap Regions: E=young(eden), S=young(survivor), O=old, HS=humongous(starts), HC=humongous(continues), CS=collection set, F=free, A=archive, TAMS=top-at-mark-start (previous, next)
|   0|0x0000000708600000, 0x0000000708700000, 0x0000000708700000|100%| O|  |TAMS 0x0000000708700000, 0x0000000708600000| Untracked 
|   1|0x0000000708700000, 0x0000000708800000, 0x0000000708800000|100%| O|  |TAMS 0x0000000708800000, 0x0000000708700000| Untracked 
|   2|0x0000000708800000, 0x0000000708900000, 0x0000000708900000|100%| O|  |TAMS 0x0000000708900000, 0x0000000708800000| Untracked 
|   3|0x0000000708900000, 0x0000000708a00000, 0x0000000708a00000|100%| O|  |TAMS 0x0000000708a00000, 0x0000000708900000| Untracked 
|   4|0x0000000708a00000, 0x0000000708b00000, 0x0000000708b00000|100%| O|  |TAMS 0x0000000708b00000, 0x0000000708a00000| Untracked 
|   5|0x0000000708b00000, 0x0000000708c00000, 0x0000000708c00000|100%| O|  |TAMS 0x0000000708c00000, 0x0000000708b00000| Untracked 
|   6|0x0000000708c00000, 0x0000000708d00000, 0x0000000708d00000|100%| O|  |TAMS 0x0000000708d00000, 0x0000000708c00000| Untracked 
|   7|0x0000000708d00000, 0x0000000708e00000, 0x0000000708e00000|100%| O|  |TAMS 0x0000000708e00000, 0x0000000708d00000| Untracked 
|   8|0x0000000708e00000, 0x0000000708f00000, 0x0000000708f00000|100%| O|  |TAMS 0x0000000708f00000, 0x0000000708e00000| Untracked 
|   9|0x0000000708f00000, 0x0000000709000000, 0x0000000709000000|100%| O|  |TAMS 0x0000000709000000, 0x0000000708f00000| Untracked 
|  10|0x0000000709000000, 0x0000000709100000, 0x0000000709100000|100%| O|  |TAMS 0x0000000709100000, 0x0000000709000000| Untracked 
|  11|0x0000000709100000, 0x0000000709200000, 0x0000000709200000|100%| O|  |TAMS 0x0000000709200000, 0x0000000709100000| Untracked 
|  12|0x0000000709200000, 0x000000070926d400, 0x0000000709300000| 42%| O|  |TAMS 0x0000000709200000, 0x0000000709200000| Untracked 
|  13|0x0000000709300000, 0x0000000709300000, 0x0000000709400000|  0%| F|  |TAMS 0x0000000709300000, 0x0000000709300000| Untracked 
|  14|0x0000000709400000, 0x0000000709400000, 0x0000000709500000|  0%| F|  |TAMS 0x0000000709400000, 0x0000000709400000| Untracked 
|  15|0x0000000709500000, 0x0000000709500000, 0x0000000709600000|  0%| F|  |TAMS 0x0000000709500000, 0x0000000709500000| Untracked 
|  16|0x0000000709600000, 0x0000000709600000, 0x0000000709700000|  0%| F|  |TAMS 0x0000000709600000, 0x0000000709600000| Untracked 
|  17|0x0000000709700000, 0x0000000709800000, 0x0000000709800000|100%| O|  |TAMS 0x00000007097cb600, 0x0000000709700000| Untracked 
|  18|0x0000000709800000, 0x0000000709800000, 0x0000000709900000|  0%| F|  |TAMS 0x0000000709800000, 0x0000000709800000| Untracked 
|  19|0x0000000709900000, 0x0000000709900000, 0x0000000709a00000|  0%| F|  |TAMS 0x0000000709900000, 0x0000000709900000| Untracked 
|  20|0x0000000709a00000, 0x0000000709a00000, 0x0000000709b00000|  0%| F|  |TAMS 0x0000000709a00000, 0x0000000709a00000| Untracked 
|  21|0x0000000709b00000, 0x0000000709b00000, 0x0000000709c00000|  0%| F|  |TAMS 0x0000000709b00000, 0x0000000709b00000| Untracked 
|  22|0x0000000709c00000, 0x0000000709d00000, 0x0000000709d00000|100%|HS|  |TAMS 0x0000000709d00000, 0x0000000709c00000| Complete 
|  23|0x0000000709d00000, 0x0000000709e00000, 0x0000000709e00000|100%|HC|  |TAMS 0x0000000709e00000, 0x0000000709d00000| Complete 
|  24|0x0000000709e00000, 0x0000000709f00000, 0x0000000709f00000|100%|HC|  |TAMS 0x0000000709f00000, 0x0000000709e00000| Complete 
|  25|0x0000000709f00000, 0x000000070a000000, 0x000000070a000000|100%|HC|  |TAMS 0x000000070a000000, 0x0000000709f00000| Complete 
|  26|0x000000070a000000, 0x000000070a100000, 0x000000070a100000|100%|HC|  |TAMS 0x000000070a100000, 0x000000070a000000| Complete 
|  27|0x000000070a100000, 0x000000070a100000, 0x000000070a200000|  0%| F|  |TAMS 0x000000070a100000, 0x000000070a100000| Untracked 
|  28|0x000000070a200000, 0x000000070a200000, 0x000000070a300000|  0%| F|  |TAMS 0x000000070a200000, 0x000000070a200000| Untracked 
|  29|0x000000070a300000, 0x000000070a300000, 0x000000070a400000|  0%| F|  |TAMS 0x000000070a300000, 0x000000070a300000| Untracked 
|  30|0x000000070a400000, 0x000000070a400000, 0x000000070a500000|  0%| F|  |TAMS 0x000000070a400000, 0x000000070a400000| Untracked 
|  31|0x000000070a500000, 0x000000070a500000, 0x000000070a600000|  0%| F|  |TAMS 0x000000070a500000, 0x000000070a500000| Untracked 
|  32|0x000000070a600000, 0x000000070a600000, 0x000000070a700000|  0%| F|  |TAMS 0x000000070a600000, 0x000000070a600000| Untracked 
|  33|0x000000070a700000, 0x000000070a700000, 0x000000070a800000|  0%| F|  |TAMS 0x000000070a700000, 0x000000070a700000| Untracked 
|  34|0x000000070a800000, 0x000000070a800000, 0x000000070a900000|  0%| F|  |TAMS 0x000000070a800000, 0x000000070a800000| Untracked 
|  35|0x000000070a900000, 0x000000070a900000, 0x000000070aa00000|  0%| F|  |TAMS 0x000000070a900000, 0x000000070a900000| Untracked 
|  36|0x000000070aa00000, 0x000000070aa00000, 0x000000070ab00000|  0%| F|  |TAMS 0x000000070aa00000, 0x000000070aa00000| Untracked 
|  37|0x000000070ab00000, 0x000000070ab00000, 0x000000070ac00000|  0%| F|  |TAMS 0x000000070ab00000, 0x000000070ab00000| Untracked 
|  38|0x000000070ac00000, 0x000000070ac00000, 0x000000070ad00000|  0%| F|  |TAMS 0x000000070ac00000, 0x000000070ac00000| Untracked 
|  39|0x000000070ad00000, 0x000000070ad00000, 0x000000070ae00000|  0%| F|  |TAMS 0x000000070ad00000, 0x000000070ad00000| Untracked 
|  40|0x000000070ae00000, 0x000000070ae00000, 0x000000070af00000|  0%| F|  |TAMS 0x000000070ae00000, 0x000000070ae00000| Untracked 
|  41|0x000000070af00000, 0x000000070af00000, 0x000000070b000000|  0%| F|  |TAMS 0x000000070af00000, 0x000000070af00000| Untracked 
|  42|0x000000070b000000, 0x000000070b000000, 0x000000070b100000|  0%| F|  |TAMS 0x000000070b000000, 0x000000070b000000| Untracked 
|  43|0x000000070b100000, 0x000000070b100000, 0x000000070b200000|  0%| F|  |TAMS 0x000000070b100000, 0x000000070b100000| Untracked 
|  44|0x000000070b200000, 0x000000070b200000, 0x000000070b300000|  0%| F|  |TAMS 0x000000070b200000, 0x000000070b200000| Untracked 
|  45|0x000000070b300000, 0x000000070b300000, 0x000000070b400000|  0%| F|  |TAMS 0x000000070b300000, 0x000000070b300000| Untracked 
|  46|0x000000070b400000, 0x000000070b400000, 0x000000070b500000|  0%| F|  |TAMS 0x000000070b400000, 0x000000070b400000| Untracked 
|  47|0x000000070b500000, 0x000000070b500000, 0x000000070b600000|  0%| F|  |TAMS 0x000000070b500000, 0x000000070b500000| Untracked 
|  48|0x000000070b600000, 0x000000070b600000, 0x000000070b700000|  0%| F|  |TAMS 0x000000070b600000, 0x000000070b600000| Untracked 
|  49|0x000000070b700000, 0x000000070b700000, 0x000000070b800000|  0%| F|  |TAMS 0x000000070b700000, 0x000000070b700000| Untracked 
|  50|0x000000070b800000, 0x000000070b800000, 0x000000070b900000|  0%| F|  |TAMS 0x000000070b800000, 0x000000070b800000| Untracked 
|  51|0x000000070b900000, 0x000000070b900000, 0x000000070ba00000|  0%| F|  |TAMS 0x000000070b900000, 0x000000070b900000| Untracked 
|  52|0x000000070ba00000, 0x000000070ba00000, 0x000000070bb00000|  0%| F|  |TAMS 0x000000070ba00000, 0x000000070ba00000| Untracked 
|  53|0x000000070bb00000, 0x000000070bb00000, 0x000000070bc00000|  0%| F|  |TAMS 0x000000070bb00000, 0x000000070bb00000| Untracked 
|  54|0x000000070bc00000, 0x000000070bc00000, 0x000000070bd00000|  0%| F|  |TAMS 0x000000070bc00000, 0x000000070bc00000| Untracked 
|  55|0x000000070bd00000, 0x000000070bd00000, 0x000000070be00000|  0%| F|  |TAMS 0x000000070bd00000, 0x000000070bd00000| Untracked 
|  56|0x000000070be00000, 0x000000070be00000, 0x000000070bf00000|  0%| F|  |TAMS 0x000000070be00000, 0x000000070be00000| Untracked 
|  57|0x000000070bf00000, 0x000000070bf00000, 0x000000070c000000|  0%| F|  |TAMS 0x000000070bf00000, 0x000000070bf00000| Untracked 
|  58|0x000000070c000000, 0x000000070c000000, 0x000000070c100000|  0%| F|  |TAMS 0x000000070c000000, 0x000000070c000000| Untracked 
|  59|0x000000070c100000, 0x000000070c100000, 0x000000070c200000|  0%| F|  |TAMS 0x000000070c100000, 0x000000070c100000| Untracked 
|  60|0x000000070c200000, 0x000000070c200000, 0x000000070c300000|  0%| F|  |TAMS 0x000000070c200000, 0x000000070c200000| Untracked 
|  61|0x000000070c300000, 0x000000070c300000, 0x000000070c400000|  0%| F|  |TAMS 0x000000070c300000, 0x000000070c300000| Untracked 
|  62|0x000000070c400000, 0x000000070c400000, 0x000000070c500000|  0%| F|  |TAMS 0x000000070c400000, 0x000000070c400000| Untracked 
|  63|0x000000070c500000, 0x000000070c500000, 0x000000070c600000|  0%| F|  |TAMS 0x000000070c500000, 0x000000070c500000| Untracked 
|  64|0x000000070c600000, 0x000000070c600000, 0x000000070c700000|  0%| F|  |TAMS 0x000000070c600000, 0x000000070c600000| Untracked 
|  65|0x000000070c700000, 0x000000070c700000, 0x000000070c800000|  0%| F|  |TAMS 0x000000070c700000, 0x000000070c700000| Untracked 
|  66|0x000000070c800000, 0x000000070c800000, 0x000000070c900000|  0%| F|  |TAMS 0x000000070c800000, 0x000000070c800000| Untracked 
|  67|0x000000070c900000, 0x000000070c900000, 0x000000070ca00000|  0%| F|  |TAMS 0x000000070c900000, 0x000000070c900000| Untracked 
|  68|0x000000070ca00000, 0x000000070ca00000, 0x000000070cb00000|  0%| F|  |TAMS 0x000000070ca00000, 0x000000070ca00000| Untracked 
|  69|0x000000070cb00000, 0x000000070cb00000, 0x000000070cc00000|  0%| F|  |TAMS 0x000000070cb00000, 0x000000070cb00000| Untracked 
|  70|0x000000070cc00000, 0x000000070cc00000, 0x000000070cd00000|  0%| F|  |TAMS 0x000000070cc00000, 0x000000070cc00000| Untracked 
|  71|0x000000070cd00000, 0x000000070cd00000, 0x000000070ce00000|  0%| F|  |TAMS 0x000000070cd00000, 0x000000070cd00000| Untracked 
|  72|0x000000070ce00000, 0x000000070ce00000, 0x000000070cf00000|  0%| F|  |TAMS 0x000000070ce00000, 0x000000070ce00000| Untracked 
|  73|0x000000070cf00000, 0x000000070cf00000, 0x000000070d000000|  0%| F|  |TAMS 0x000000070cf00000, 0x000000070cf00000| Untracked 
|  74|0x000000070d000000, 0x000000070d000000, 0x000000070d100000|  0%| F|  |TAMS 0x000000070d000000, 0x000000070d000000| Untracked 
|  75|0x000000070d100000, 0x000000070d100000, 0x000000070d200000|  0%| F|  |TAMS 0x000000070d100000, 0x000000070d100000| Untracked 
|  76|0x000000070d200000, 0x000000070d200000, 0x000000070d300000|  0%| F|  |TAMS 0x000000070d200000, 0x000000070d200000| Untracked 
|  77|0x000000070d300000, 0x000000070d300000, 0x000000070d400000|  0%| F|  |TAMS 0x000000070d300000, 0x000000070d300000| Untracked 
|  78|0x000000070d400000, 0x000000070d400000, 0x000000070d500000|  0%| F|  |TAMS 0x000000070d400000, 0x000000070d400000| Untracked 
|  79|0x000000070d500000, 0x000000070d5ba9e0, 0x000000070d600000| 72%| S|CS|TAMS 0x000000070d500000, 0x000000070d500000| Complete 
|  80|0x000000070d600000, 0x000000070d700000, 0x000000070d700000|100%| S|CS|TAMS 0x000000070d600000, 0x000000070d600000| Complete 
|  81|0x000000070d700000, 0x000000070d800000, 0x000000070d800000|100%| S|CS|TAMS 0x000000070d700000, 0x000000070d700000| Complete 
|  82|0x000000070d800000, 0x000000070d900000, 0x000000070d900000|100%| S|CS|TAMS 0x000000070d800000, 0x000000070d800000| Complete 
|  83|0x000000070d900000, 0x000000070da00000, 0x000000070da00000|100%| S|CS|TAMS 0x000000070d900000, 0x000000070d900000| Complete 
|  84|0x000000070da00000, 0x000000070db00000, 0x000000070db00000|100%| S|CS|TAMS 0x000000070da00000, 0x000000070da00000| Complete 
|  85|0x000000070db00000, 0x000000070dc00000, 0x000000070dc00000|100%| S|CS|TAMS 0x000000070db00000, 0x000000070db00000| Complete 
|  86|0x000000070dc00000, 0x000000070dd00000, 0x000000070dd00000|100%| S|CS|TAMS 0x000000070dc00000, 0x000000070dc00000| Complete 
|  87|0x000000070dd00000, 0x000000070de00000, 0x000000070de00000|100%| S|CS|TAMS 0x000000070dd00000, 0x000000070dd00000| Complete 
|  88|0x000000070de00000, 0x000000070df00000, 0x000000070df00000|100%| S|CS|TAMS 0x000000070de00000, 0x000000070de00000| Complete 
|  89|0x000000070df00000, 0x000000070e000000, 0x000000070e000000|100%| S|CS|TAMS 0x000000070df00000, 0x000000070df00000| Complete 
|  90|0x000000070e000000, 0x000000070e100000, 0x000000070e100000|100%| S|CS|TAMS 0x000000070e000000, 0x000000070e000000| Complete 
|  91|0x000000070e100000, 0x000000070e200000, 0x000000070e200000|100%| S|CS|TAMS 0x000000070e100000, 0x000000070e100000| Complete 
|  92|0x000000070e200000, 0x000000070e200000, 0x000000070e300000|  0%| F|  |TAMS 0x000000070e200000, 0x000000070e200000| Untracked 
|  93|0x000000070e300000, 0x000000070e300000, 0x000000070e400000|  0%| F|  |TAMS 0x000000070e300000, 0x000000070e300000| Untracked 
|  94|0x000000070e400000, 0x000000070e400000, 0x000000070e500000|  0%| F|  |TAMS 0x000000070e400000, 0x000000070e400000| Untracked 
|  95|0x000000070e500000, 0x000000070e500000, 0x000000070e600000|  0%| F|  |TAMS 0x000000070e500000, 0x000000070e500000| Untracked 
|  96|0x000000070e600000, 0x000000070e600000, 0x000000070e700000|  0%| F|  |TAMS 0x000000070e600000, 0x000000070e600000| Untracked 
|  97|0x000000070e700000, 0x000000070e700000, 0x000000070e800000|  0%| F|  |TAMS 0x000000070e700000, 0x000000070e700000| Untracked 
|  98|0x000000070e800000, 0x000000070e800000, 0x000000070e900000|  0%| F|  |TAMS 0x000000070e800000, 0x000000070e800000| Untracked 
|  99|0x000000070e900000, 0x000000070e900000, 0x000000070ea00000|  0%| F|  |TAMS 0x000000070e900000, 0x000000070e900000| Untracked 
| 100|0x000000070ea00000, 0x000000070ea00000, 0x000000070eb00000|  0%| F|  |TAMS 0x000000070ea00000, 0x000000070ea00000| Untracked 
| 101|0x000000070eb00000, 0x000000070eb00000, 0x000000070ec00000|  0%| F|  |TAMS 0x000000070eb00000, 0x000000070eb00000| Untracked 
| 102|0x000000070ec00000, 0x000000070ec00000, 0x000000070ed00000|  0%| F|  |TAMS 0x000000070ec00000, 0x000000070ec00000| Untracked 
| 103|0x000000070ed00000, 0x000000070ed00000, 0x000000070ee00000|  0%| F|  |TAMS 0x000000070ed00000, 0x000000070ed00000| Untracked 
| 104|0x000000070ee00000, 0x000000070ee00000, 0x000000070ef00000|  0%| F|  |TAMS 0x000000070ee00000, 0x000000070ee00000| Untracked 
| 105|0x000000070ef00000, 0x000000070ef00000, 0x000000070f000000|  0%| F|  |TAMS 0x000000070ef00000, 0x000000070ef00000| Untracked 
| 106|0x000000070f000000, 0x000000070f000000, 0x000000070f100000|  0%| F|  |TAMS 0x000000070f000000, 0x000000070f000000| Untracked 
| 107|0x000000070f100000, 0x000000070f100000, 0x000000070f200000|  0%| F|  |TAMS 0x000000070f100000, 0x000000070f100000| Untracked 
| 108|0x000000070f200000, 0x000000070f200000, 0x000000070f300000|  0%| F|  |TAMS 0x000000070f200000, 0x000000070f200000| Untracked 
| 109|0x000000070f300000, 0x000000070f300000, 0x000000070f400000|  0%| F|  |TAMS 0x000000070f300000, 0x000000070f300000| Untracked 
| 110|0x000000070f400000, 0x000000070f400000, 0x000000070f500000|  0%| F|  |TAMS 0x000000070f400000, 0x000000070f400000| Untracked 
| 111|0x000000070f500000, 0x000000070f500000, 0x000000070f600000|  0%| F|  |TAMS 0x000000070f500000, 0x000000070f500000| Untracked 
| 112|0x000000070f600000, 0x000000070f600000, 0x000000070f700000|  0%| F|  |TAMS 0x000000070f600000, 0x000000070f600000| Untracked 
| 113|0x000000070f700000, 0x000000070f700000, 0x000000070f800000|  0%| F|  |TAMS 0x000000070f700000, 0x000000070f700000| Untracked 
| 114|0x000000070f800000, 0x000000070f800000, 0x000000070f900000|  0%| F|  |TAMS 0x000000070f800000, 0x000000070f800000| Untracked 
| 115|0x000000070f900000, 0x000000070f900000, 0x000000070fa00000|  0%| F|  |TAMS 0x000000070f900000, 0x000000070f900000| Untracked 
| 116|0x000000070fa00000, 0x000000070fa00000, 0x000000070fb00000|  0%| F|  |TAMS 0x000000070fa00000, 0x000000070fa00000| Untracked 
| 117|0x000000070fb00000, 0x000000070fb00000, 0x000000070fc00000|  0%| F|  |TAMS 0x000000070fb00000, 0x000000070fb00000| Untracked 
| 118|0x000000070fc00000, 0x000000070fc00000, 0x000000070fd00000|  0%| F|  |TAMS 0x000000070fc00000, 0x000000070fc00000| Untracked 
| 119|0x000000070fd00000, 0x000000070fd00000, 0x000000070fe00000|  0%| F|  |TAMS 0x000000070fd00000, 0x000000070fd00000| Untracked 
| 120|0x000000070fe00000, 0x000000070fe00000, 0x000000070ff00000|  0%| F|  |TAMS 0x000000070fe00000, 0x000000070fe00000| Untracked 
| 121|0x000000070ff00000, 0x000000070ff00000, 0x0000000710000000|  0%| F|  |TAMS 0x000000070ff00000, 0x000000070ff00000| Untracked 
| 122|0x0000000710000000, 0x0000000710000000, 0x0000000710100000|  0%| F|  |TAMS 0x0000000710000000, 0x0000000710000000| Untracked 
| 123|0x0000000710100000, 0x0000000710100000, 0x0000000710200000|  0%| F|  |TAMS 0x0000000710100000, 0x0000000710100000| Untracked 
| 124|0x0000000710200000, 0x0000000710200000, 0x0000000710300000|  0%| F|  |TAMS 0x0000000710200000, 0x0000000710200000| Untracked 
| 125|0x0000000710300000, 0x0000000710300000, 0x0000000710400000|  0%| F|  |TAMS 0x0000000710300000, 0x0000000710300000| Untracked 
| 126|0x0000000710400000, 0x0000000710400000, 0x0000000710500000|  0%| F|  |TAMS 0x0000000710400000, 0x0000000710400000| Untracked 
| 127|0x0000000710500000, 0x0000000710500000, 0x0000000710600000|  0%| F|  |TAMS 0x0000000710500000, 0x0000000710500000| Untracked 
| 128|0x0000000710600000, 0x0000000710600000, 0x0000000710700000|  0%| F|  |TAMS 0x0000000710600000, 0x0000000710600000| Untracked 
| 129|0x0000000710700000, 0x0000000710700000, 0x0000000710800000|  0%| F|  |TAMS 0x0000000710700000, 0x0000000710700000| Untracked 
| 130|0x0000000710800000, 0x0000000710800000, 0x0000000710900000|  0%| F|  |TAMS 0x0000000710800000, 0x0000000710800000| Untracked 
| 131|0x0000000710900000, 0x0000000710900000, 0x0000000710a00000|  0%| F|  |TAMS 0x0000000710900000, 0x0000000710900000| Untracked 
| 132|0x0000000710a00000, 0x0000000710a00000, 0x0000000710b00000|  0%| F|  |TAMS 0x0000000710a00000, 0x0000000710a00000| Untracked 
| 133|0x0000000710b00000, 0x0000000710b00000, 0x0000000710c00000|  0%| F|  |TAMS 0x0000000710b00000, 0x0000000710b00000| Untracked 
| 134|0x0000000710c00000, 0x0000000710c00000, 0x0000000710d00000|  0%| F|  |TAMS 0x0000000710c00000, 0x0000000710c00000| Untracked 
| 135|0x0000000710d00000, 0x0000000710d00000, 0x0000000710e00000|  0%| F|  |TAMS 0x0000000710d00000, 0x0000000710d00000| Untracked 
| 136|0x0000000710e00000, 0x0000000710e00000, 0x0000000710f00000|  0%| F|  |TAMS 0x0000000710e00000, 0x0000000710e00000| Untracked 
| 137|0x0000000710f00000, 0x0000000710f00000, 0x0000000711000000|  0%| F|  |TAMS 0x0000000710f00000, 0x0000000710f00000| Untracked 
| 138|0x0000000711000000, 0x0000000711000000, 0x0000000711100000|  0%| F|  |TAMS 0x0000000711000000, 0x0000000711000000| Untracked 
| 139|0x0000000711100000, 0x0000000711100000, 0x0000000711200000|  0%| F|  |TAMS 0x0000000711100000, 0x0000000711100000| Untracked 
| 140|0x0000000711200000, 0x0000000711200000, 0x0000000711300000|  0%| F|  |TAMS 0x0000000711200000, 0x0000000711200000| Untracked 
| 141|0x0000000711300000, 0x0000000711300000, 0x0000000711400000|  0%| F|  |TAMS 0x0000000711300000, 0x0000000711300000| Untracked 
| 142|0x0000000711400000, 0x0000000711400000, 0x0000000711500000|  0%| F|  |TAMS 0x0000000711400000, 0x0000000711400000| Untracked 
| 143|0x0000000711500000, 0x0000000711500000, 0x0000000711600000|  0%| F|  |TAMS 0x0000000711500000, 0x0000000711500000| Untracked 
| 144|0x0000000711600000, 0x0000000711600000, 0x0000000711700000|  0%| F|  |TAMS 0x0000000711600000, 0x0000000711600000| Untracked 
| 145|0x0000000711700000, 0x0000000711700000, 0x0000000711800000|  0%| F|  |TAMS 0x0000000711700000, 0x0000000711700000| Untracked 
| 146|0x0000000711800000, 0x0000000711800000, 0x0000000711900000|  0%| F|  |TAMS 0x0000000711800000, 0x0000000711800000| Untracked 
| 147|0x0000000711900000, 0x0000000711900000, 0x0000000711a00000|  0%| F|  |TAMS 0x0000000711900000, 0x0000000711900000| Untracked 
| 148|0x0000000711a00000, 0x0000000711a00000, 0x0000000711b00000|  0%| F|  |TAMS 0x0000000711a00000, 0x0000000711a00000| Untracked 
| 149|0x0000000711b00000, 0x0000000711b00000, 0x0000000711c00000|  0%| F|  |TAMS 0x0000000711b00000, 0x0000000711b00000| Untracked 
| 150|0x0000000711c00000, 0x0000000711c00000, 0x0000000711d00000|  0%| F|  |TAMS 0x0000000711c00000, 0x0000000711c00000| Untracked 
| 151|0x0000000711d00000, 0x0000000711d00000, 0x0000000711e00000|  0%| F|  |TAMS 0x0000000711d00000, 0x0000000711d00000| Untracked 
| 152|0x0000000711e00000, 0x0000000711e00000, 0x0000000711f00000|  0%| F|  |TAMS 0x0000000711e00000, 0x0000000711e00000| Untracked 
| 153|0x0000000711f00000, 0x0000000711f00000, 0x0000000712000000|  0%| F|  |TAMS 0x0000000711f00000, 0x0000000711f00000| Untracked 
| 154|0x0000000712000000, 0x0000000712000000, 0x0000000712100000|  0%| F|  |TAMS 0x0000000712000000, 0x0000000712000000| Untracked 
| 155|0x0000000712100000, 0x0000000712100000, 0x0000000712200000|  0%| F|  |TAMS 0x0000000712100000, 0x0000000712100000| Untracked 
| 156|0x0000000712200000, 0x0000000712200000, 0x0000000712300000|  0%| F|  |TAMS 0x0000000712200000, 0x0000000712200000| Untracked 
| 157|0x0000000712300000, 0x0000000712300000, 0x0000000712400000|  0%| F|  |TAMS 0x0000000712300000, 0x0000000712300000| Untracked 
| 158|0x0000000712400000, 0x0000000712400000, 0x0000000712500000|  0%| F|  |TAMS 0x0000000712400000, 0x0000000712400000| Untracked 
| 159|0x0000000712500000, 0x0000000712500000, 0x0000000712600000|  0%| F|  |TAMS 0x0000000712500000, 0x0000000712500000| Untracked 
| 160|0x0000000712600000, 0x0000000712600000, 0x0000000712700000|  0%| F|  |TAMS 0x0000000712600000, 0x0000000712600000| Untracked 
| 161|0x0000000712700000, 0x0000000712700000, 0x0000000712800000|  0%| F|  |TAMS 0x0000000712700000, 0x0000000712700000| Untracked 
| 162|0x0000000712800000, 0x0000000712800000, 0x0000000712900000|  0%| F|  |TAMS 0x0000000712800000, 0x0000000712800000| Untracked 
| 163|0x0000000712900000, 0x0000000712900000, 0x0000000712a00000|  0%| F|  |TAMS 0x0000000712900000, 0x0000000712900000| Untracked 
| 164|0x0000000712a00000, 0x0000000712a00000, 0x0000000712b00000|  0%| F|  |TAMS 0x0000000712a00000, 0x0000000712a00000| Untracked 
| 165|0x0000000712b00000, 0x0000000712b00000, 0x0000000712c00000|  0%| F|  |TAMS 0x0000000712b00000, 0x0000000712b00000| Untracked 
| 166|0x0000000712c00000, 0x0000000712c00000, 0x0000000712d00000|  0%| F|  |TAMS 0x0000000712c00000, 0x0000000712c00000| Untracked 
| 167|0x0000000712d00000, 0x0000000712d00000, 0x0000000712e00000|  0%| F|  |TAMS 0x0000000712d00000, 0x0000000712d00000| Untracked 
| 168|0x0000000712e00000, 0x0000000712e00000, 0x0000000712f00000|  0%| F|  |TAMS 0x0000000712e00000, 0x0000000712e00000| Untracked 
| 169|0x0000000712f00000, 0x0000000712f00000, 0x0000000713000000|  0%| F|  |TAMS 0x0000000712f00000, 0x0000000712f00000| Untracked 
| 170|0x0000000713000000, 0x0000000713000000, 0x0000000713100000|  0%| F|  |TAMS 0x0000000713000000, 0x0000000713000000| Untracked 
| 171|0x0000000713100000, 0x0000000713100000, 0x0000000713200000|  0%| F|  |TAMS 0x0000000713100000, 0x0000000713100000| Untracked 
| 172|0x0000000713200000, 0x0000000713200000, 0x0000000713300000|  0%| F|  |TAMS 0x0000000713200000, 0x0000000713200000| Untracked 
| 173|0x0000000713300000, 0x0000000713300000, 0x0000000713400000|  0%| F|  |TAMS 0x0000000713300000, 0x0000000713300000| Untracked 
| 174|0x0000000713400000, 0x0000000713400000, 0x0000000713500000|  0%| F|  |TAMS 0x0000000713400000, 0x0000000713400000| Untracked 
| 175|0x0000000713500000, 0x0000000713500000, 0x0000000713600000|  0%| F|  |TAMS 0x0000000713500000, 0x0000000713500000| Untracked 
| 176|0x0000000713600000, 0x0000000713600000, 0x0000000713700000|  0%| F|  |TAMS 0x0000000713600000, 0x0000000713600000| Untracked 
| 177|0x0000000713700000, 0x0000000713700000, 0x0000000713800000|  0%| F|  |TAMS 0x0000000713700000, 0x0000000713700000| Untracked 
| 178|0x0000000713800000, 0x0000000713800000, 0x0000000713900000|  0%| F|  |TAMS 0x0000000713800000, 0x0000000713800000| Untracked 
| 179|0x0000000713900000, 0x0000000713900000, 0x0000000713a00000|  0%| F|  |TAMS 0x0000000713900000, 0x0000000713900000| Untracked 
| 180|0x0000000713a00000, 0x0000000713a00000, 0x0000000713b00000|  0%| F|  |TAMS 0x0000000713a00000, 0x0000000713a00000| Untracked 
| 181|0x0000000713b00000, 0x0000000713b00000, 0x0000000713c00000|  0%| F|  |TAMS 0x0000000713b00000, 0x0000000713b00000| Untracked 
| 182|0x0000000713c00000, 0x0000000713c00000, 0x0000000713d00000|  0%| F|  |TAMS 0x0000000713c00000, 0x0000000713c00000| Untracked 
| 183|0x0000000713d00000, 0x0000000713d00000, 0x0000000713e00000|  0%| F|  |TAMS 0x0000000713d00000, 0x0000000713d00000| Untracked 
| 184|0x0000000713e00000, 0x0000000713e00000, 0x0000000713f00000|  0%| F|  |TAMS 0x0000000713e00000, 0x0000000713e00000| Untracked 
| 185|0x0000000713f00000, 0x0000000713f00000, 0x0000000714000000|  0%| F|  |TAMS 0x0000000713f00000, 0x0000000713f00000| Untracked 
| 186|0x0000000714000000, 0x0000000714000000, 0x0000000714100000|  0%| F|  |TAMS 0x0000000714000000, 0x0000000714000000| Untracked 
| 187|0x0000000714100000, 0x0000000714100000, 0x0000000714200000|  0%| F|  |TAMS 0x0000000714100000, 0x0000000714100000| Untracked 
| 188|0x0000000714200000, 0x0000000714200000, 0x0000000714300000|  0%| F|  |TAMS 0x0000000714200000, 0x0000000714200000| Untracked 
| 189|0x0000000714300000, 0x0000000714300000, 0x0000000714400000|  0%| F|  |TAMS 0x0000000714300000, 0x0000000714300000| Untracked 
| 190|0x0000000714400000, 0x0000000714400000, 0x0000000714500000|  0%| F|  |TAMS 0x0000000714400000, 0x0000000714400000| Untracked 
| 191|0x0000000714500000, 0x0000000714500000, 0x0000000714600000|  0%| F|  |TAMS 0x0000000714500000, 0x0000000714500000| Untracked 
| 192|0x0000000714600000, 0x0000000714600000, 0x0000000714700000|  0%| F|  |TAMS 0x0000000714600000, 0x0000000714600000| Untracked 
| 193|0x0000000714700000, 0x0000000714700000, 0x0000000714800000|  0%| F|  |TAMS 0x0000000714700000, 0x0000000714700000| Untracked 
| 194|0x0000000714800000, 0x0000000714800000, 0x0000000714900000|  0%| F|  |TAMS 0x0000000714800000, 0x0000000714800000| Untracked 
| 195|0x0000000714900000, 0x0000000714900000, 0x0000000714a00000|  0%| F|  |TAMS 0x0000000714900000, 0x0000000714900000| Untracked 
| 196|0x0000000714a00000, 0x0000000714a00000, 0x0000000714b00000|  0%| F|  |TAMS 0x0000000714a00000, 0x0000000714a00000| Untracked 
| 197|0x0000000714b00000, 0x0000000714b00000, 0x0000000714c00000|  0%| F|  |TAMS 0x0000000714b00000, 0x0000000714b00000| Untracked 
| 198|0x0000000714c00000, 0x0000000714c00000, 0x0000000714d00000|  0%| F|  |TAMS 0x0000000714c00000, 0x0000000714c00000| Untracked 
| 199|0x0000000714d00000, 0x0000000714d00000, 0x0000000714e00000|  0%| F|  |TAMS 0x0000000714d00000, 0x0000000714d00000| Untracked 
| 200|0x0000000714e00000, 0x0000000714ef72e0, 0x0000000714f00000| 96%| E|  |TAMS 0x0000000714e00000, 0x0000000714e00000| Complete 
| 201|0x0000000714f00000, 0x0000000715000000, 0x0000000715000000|100%| E|CS|TAMS 0x0000000714f00000, 0x0000000714f00000| Complete 
| 202|0x0000000715000000, 0x0000000715100000, 0x0000000715100000|100%| E|CS|TAMS 0x0000000715000000, 0x0000000715000000| Complete 
| 203|0x0000000715100000, 0x0000000715200000, 0x0000000715200000|100%| E|CS|TAMS 0x0000000715100000, 0x0000000715100000| Complete 
| 204|0x0000000715200000, 0x0000000715300000, 0x0000000715300000|100%| E|CS|TAMS 0x0000000715200000, 0x0000000715200000| Complete 
| 205|0x0000000715300000, 0x0000000715400000, 0x0000000715400000|100%| E|CS|TAMS 0x0000000715300000, 0x0000000715300000| Complete 
| 206|0x0000000715400000, 0x0000000715500000, 0x0000000715500000|100%| E|CS|TAMS 0x0000000715400000, 0x0000000715400000| Complete 
| 207|0x0000000715500000, 0x0000000715600000, 0x0000000715600000|100%| E|CS|TAMS 0x0000000715500000, 0x0000000715500000| Complete 
| 208|0x0000000715600000, 0x0000000715700000, 0x0000000715700000|100%| E|CS|TAMS 0x0000000715600000, 0x0000000715600000| Complete 
| 209|0x0000000715700000, 0x0000000715800000, 0x0000000715800000|100%| E|CS|TAMS 0x0000000715700000, 0x0000000715700000| Complete 

Card table byte_map: [0x00007fb3bb080000,0x00007fb3bb83d000] _byte_map_base: 0x00007fb3b783d000

Marking Bits (Prev, Next): (CMBitMap*) 0x00007fb3d807c2f0, (CMBitMap*) 0x00007fb3d807c2b8
 Prev Bits: [0x00007fb3b2ce0000, 0x00007fb3b6ac8000)
 Next Bits: [0x00007fb3b6ad0000, 0x00007fb3ba8b8000)

Polling page: 0x00007fb3dc9b0000

Metaspace:

Usage:
  Non-class:     67.33 MB capacity,    65.34 MB ( 97%) used,     1.49 MB (  2%) free+waste,   517.19 KB ( <1%) overhead. 
      Class:     13.21 MB capacity,    11.13 MB ( 84%) used,     1.81 MB ( 14%) free+waste,   280.62 KB (  2%) overhead. 
       Both:     80.55 MB capacity,    76.47 MB ( 95%) used,     3.29 MB (  4%) free+waste,   797.81 KB ( <1%) overhead. 

Virtual space:
  Non-class space:       68.00 MB reserved,      67.50 MB (>99%) committed 
      Class space:        1.00 GB reserved,      13.25 MB (  1%) committed 
             Both:        1.07 GB reserved,      80.75 MB (  7%) committed 

Chunk freelists:
   Non-Class:  40.00 KB
       Class:  0 bytes
        Both:  40.00 KB

MaxMetaspaceSize: unlimited
CompressedClassSpaceSize: 1.00 GB

CodeHeap 'non-profiled nmethods': size=120032Kb used=5607Kb max_used=5607Kb free=114425Kb
 bounds [0x00007fb3c83f8000, 0x00007fb3c8978000, 0x00007fb3cf930000]
CodeHeap 'profiled nmethods': size=120028Kb used=13140Kb max_used=13140Kb free=106887Kb
 bounds [0x00007fb3c0ec1000, 0x00007fb3c1ba1000, 0x00007fb3c83f8000]
CodeHeap 'non-nmethods': size=5700Kb used=1645Kb max_used=1745Kb free=4054Kb
 bounds [0x00007fb3c0930000, 0x00007fb3c0ba0000, 0x00007fb3c0ec1000]
 total_blobs=11735 nmethods=6955 adapters=548
 compilation: enabled
              stopped_count=0, restarted_count=0
 full_count=0

Compilation events (20 events):
Event: 18.190 Thread 0x00007fb3d8193800 8760       1       scala.meta.Self$SelfImpl::_decltpe (5 bytes)
Event: 18.190 Thread 0x00007fb3d8193800 nmethod 8760 0x00007fb3c895ef10 code [0x00007fb3c895f0c0, 0x00007fb3c895f210]
Event: 18.190 Thread 0x00007fb3d8193800 8756       1       scala.meta.Name$Anonymous$NameAnonymousImpl::privateOrigin (5 bytes)
Event: 18.190 Thread 0x00007fb3d8193800 nmethod 8756 0x00007fb3c895f290 code [0x00007fb3c895f440, 0x00007fb3c895f590]
Event: 18.190 Thread 0x00007fb3d8193800 8758       1       scala.meta.Term$Param$TermParamImpl::_decltpe (5 bytes)
Event: 18.191 Thread 0x00007fb3d8193800 nmethod 8758 0x00007fb3c895f610 code [0x00007fb3c895f7c0, 0x00007fb3c895f910]
Event: 18.191 Thread 0x00007fb3d8193800 8762       1       scala.meta.Type$Select$TypeSelectImpl::privatePrototype (5 bytes)
Event: 18.191 Thread 0x00007fb3d8193800 nmethod 8762 0x00007fb3c895f990 code [0x00007fb3c895fb40, 0x00007fb3c895fc90]
Event: 18.191 Thread 0x00007fb3d8193800 8763       3       scala.meta.Term$Select$TermSelectImpl::<init> (44 bytes)
Event: 18.192 Thread 0x00007fb3d8193800 nmethod 8763 0x00007fb3c1b90090 code [0x00007fb3c1b90280, 0x00007fb3c1b90750]
Event: 18.192 Thread 0x00007fb3d8193800 8764       1       scala.meta.Type$Select$TypeSelectImpl::_qual (5 bytes)
Event: 18.192 Thread 0x00007fb3d8193800 nmethod 8764 0x00007fb3c895fd10 code [0x00007fb3c895fec0, 0x00007fb3c8960010]
Event: 18.192 Thread 0x00007fb3d8193800 8765       1       scala.meta.Type$Select$TypeSelectImpl::_name (5 bytes)
Event: 18.193 Thread 0x00007fb3d8193800 nmethod 8765 0x00007fb3c8960090 code [0x00007fb3c8960240, 0x00007fb3c8960390]
Event: 18.193 Thread 0x00007fb3d8193800 8770       1       scala.meta.Pat$Var$PatVarImpl::_name (5 bytes)
Event: 18.193 Thread 0x00007fb38097e800 8772       4       java.lang.Long::equals (30 bytes)
Event: 18.193 Thread 0x00007fb3d8193800 nmethod 8770 0x00007fb3c8960410 code [0x00007fb3c89605c0, 0x00007fb3c8960710]
Event: 18.193 Thread 0x00007fb3d8193800 8761       3       scala.collection.mutable.ListBuffer::<init> (38 bytes)
Event: 18.194 Thread 0x00007fb38097e800 nmethod 8772 0x00007fb3c8960790 code [0x00007fb3c8960940, 0x00007fb3c8960a50]
Event: 18.196 Thread 0x00007fb3d8191800 nmethod 8722 0x00007fb3c8960b10 code [0x00007fb3c8960e40, 0x00007fb3c8961db0]

GC Heap History (20 events):
Event: 8.185 GC heap before
{Heap before GC invocations=9 (full 0):
 garbage-first heap   total 122880K, used 79944K [0x0000000708600000, 0x0000000800000000)
  region size 1024K, 72 young (73728K), 3 survivors (3072K)
 Metaspace       used 28818K, capacity 29292K, committed 29440K, reserved 1075200K
  class space    used 3369K, capacity 3572K, committed 3584K, reserved 1048576K
}
Event: 8.196 GC heap after
{Heap after GC invocations=10 (full 0):
 garbage-first heap   total 147456K, used 10397K [0x0000000708600000, 0x0000000800000000)
  region size 1024K, 4 young (4096K), 4 survivors (4096K)
 Metaspace       used 28818K, capacity 29292K, committed 29440K, reserved 1075200K
  class space    used 3369K, capacity 3572K, committed 3584K, reserved 1048576K
}
Event: 9.555 GC heap before
{Heap before GC invocations=10 (full 0):
 garbage-first heap   total 147456K, used 70813K [0x0000000708600000, 0x0000000800000000)
  region size 1024K, 44 young (45056K), 4 survivors (4096K)
 Metaspace       used 35053K, capacity 35795K, committed 35840K, reserved 1081344K
  class space    used 4201K, capacity 4589K, committed 4608K, reserved 1048576K
}
Event: 9.573 GC heap after
{Heap after GC invocations=11 (full 0):
 garbage-first heap   total 147456K, used 34180K [0x0000000708600000, 0x0000000800000000)
  region size 1024K, 7 young (7168K), 7 survivors (7168K)
 Metaspace       used 35053K, capacity 35795K, committed 35840K, reserved 1081344K
  class space    used 4201K, capacity 4589K, committed 4608K, reserved 1048576K
}
Event: 9.912 GC heap before
{Heap before GC invocations=12 (full 0):
 garbage-first heap   total 147456K, used 94596K [0x0000000708600000, 0x0000000800000000)
  region size 1024K, 77 young (78848K), 7 survivors (7168K)
 Metaspace       used 37418K, capacity 38425K, committed 38656K, reserved 1083392K
  class space    used 4552K, capacity 5029K, committed 5120K, reserved 1048576K
}
Event: 9.928 GC heap after
{Heap after GC invocations=13 (full 0):
 garbage-first heap   total 147456K, used 24570K [0x0000000708600000, 0x0000000800000000)
  region size 1024K, 6 young (6144K), 6 survivors (6144K)
 Metaspace       used 37418K, capacity 38425K, committed 38656K, reserved 1083392K
  class space    used 4552K, capacity 5029K, committed 5120K, reserved 1048576K
}
Event: 10.214 GC heap before
{Heap before GC invocations=13 (full 0):
 garbage-first heap   total 147456K, used 99322K [0x0000000708600000, 0x0000000800000000)
  region size 1024K, 80 young (81920K), 6 survivors (6144K)
 Metaspace       used 39712K, capacity 40802K, committed 40960K, reserved 1085440K
  class space    used 4960K, capacity 5542K, committed 5632K, reserved 1048576K
}
Event: 10.227 GC heap after
{Heap after GC invocations=14 (full 0):
 garbage-first heap   total 147456K, used 25066K [0x0000000708600000, 0x0000000800000000)
  region size 1024K, 6 young (6144K), 6 survivors (6144K)
 Metaspace       used 39712K, capacity 40802K, committed 40960K, reserved 1085440K
  class space    used 4960K, capacity 5542K, committed 5632K, reserved 1048576K
}
Event: 10.505 GC heap before
{Heap before GC invocations=14 (full 0):
 garbage-first heap   total 147456K, used 106986K [0x0000000708600000, 0x0000000800000000)
  region size 1024K, 86 young (88064K), 6 survivors (6144K)
 Metaspace       used 41652K, capacity 43071K, committed 43392K, reserved 1087488K
  class space    used 5398K, capacity 6161K, committed 6272K, reserved 1048576K
}
Event: 10.525 GC heap after
{Heap after GC invocations=15 (full 0):
 garbage-first heap   total 177152K, used 25388K [0x0000000708600000, 0x0000000800000000)
  region size 1024K, 7 young (7168K), 7 survivors (7168K)
 Metaspace       used 41652K, capacity 43071K, committed 43392K, reserved 1087488K
  class space    used 5398K, capacity 6161K, committed 6272K, reserved 1048576K
}
Event: 10.820 GC heap before
{Heap before GC invocations=15 (full 0):
 garbage-first heap   total 177152K, used 117548K [0x0000000708600000, 0x0000000800000000)
  region size 1024K, 97 young (99328K), 7 survivors (7168K)
 Metaspace       used 44108K, capacity 45733K, committed 45952K, reserved 1089536K
  class space    used 5838K, capacity 6717K, committed 6784K, reserved 1048576K
}
Event: 10.847 GC heap after
{Heap after GC invocations=16 (full 0):
 garbage-first heap   total 177152K, used 25828K [0x0000000708600000, 0x0000000800000000)
  region size 1024K, 7 young (7168K), 7 survivors (7168K)
 Metaspace       used 44108K, capacity 45733K, committed 45952K, reserved 1089536K
  class space    used 5838K, capacity 6717K, committed 6784K, reserved 1048576K
}
Event: 11.273 GC heap before
{Heap before GC invocations=16 (full 0):
 garbage-first heap   total 177152K, used 124132K [0x0000000708600000, 0x0000000800000000)
  region size 1024K, 103 young (105472K), 7 survivors (7168K)
 Metaspace       used 46325K, capacity 48308K, committed 48384K, reserved 1089536K
  class space    used 6295K, capacity 7367K, committed 7424K, reserved 1048576K
}
Event: 11.290 GC heap after
{Heap after GC invocations=17 (full 0):
 garbage-first heap   total 177152K, used 25834K [0x0000000708600000, 0x0000000800000000)
  region size 1024K, 7 young (7168K), 7 survivors (7168K)
 Metaspace       used 46325K, capacity 48308K, committed 48384K, reserved 1089536K
  class space    used 6295K, capacity 7367K, committed 7424K, reserved 1048576K
}
Event: 12.861 GC heap before
{Heap before GC invocations=17 (full 0):
 garbage-first heap   total 177152K, used 123114K [0x0000000708600000, 0x0000000800000000)
  region size 1024K, 103 young (105472K), 7 survivors (7168K)
 Metaspace       used 50864K, capacity 53385K, committed 53632K, reserved 1095680K
  class space    used 6933K, capacity 8256K, committed 8320K, reserved 1048576K
}
Event: 12.883 GC heap after
{Heap after GC invocations=18 (full 0):
 garbage-first heap   total 177152K, used 30115K [0x0000000708600000, 0x0000000800000000)
  region size 1024K, 11 young (11264K), 11 survivors (11264K)
 Metaspace       used 50864K, capacity 53385K, committed 53632K, reserved 1095680K
  class space    used 6933K, capacity 8256K, committed 8320K, reserved 1048576K
}
Event: 14.397 GC heap before
{Heap before GC invocations=18 (full 0):
 garbage-first heap   total 177152K, used 89507K [0x0000000708600000, 0x0000000800000000)
  region size 1024K, 71 young (72704K), 11 survivors (11264K)
 Metaspace       used 57269K, capacity 60145K, committed 60288K, reserved 1099776K
  class space    used 7997K, capacity 9504K, committed 9600K, reserved 1048576K
}
Event: 14.437 GC heap after
{Heap after GC invocations=19 (full 0):
 garbage-first heap   total 215040K, used 32416K [0x0000000708600000, 0x0000000800000000)
  region size 1024K, 9 young (9216K), 9 survivors (9216K)
 Metaspace       used 57269K, capacity 60145K, committed 60288K, reserved 1099776K
  class space    used 7997K, capacity 9504K, committed 9600K, reserved 1048576K
}
Event: 17.939 GC heap before
{Heap before GC invocations=20 (full 0):
 garbage-first heap   total 215040K, used 137888K [0x0000000708600000, 0x0000000800000000)
  region size 1024K, 118 young (120832K), 9 survivors (9216K)
 Metaspace       used 76453K, capacity 80403K, committed 80512K, reserved 1116160K
  class space    used 11061K, capacity 13091K, committed 13184K, reserved 1048576K
}
Event: 17.968 GC heap after
{Heap after GC invocations=21 (full 0):
 garbage-first heap   total 215040K, used 31903K [0x0000000708600000, 0x0000000800000000)
  region size 1024K, 13 young (13312K), 13 survivors (13312K)
 Metaspace       used 76453K, capacity 80403K, committed 80512K, reserved 1116160K
  class space    used 11061K, capacity 13091K, committed 13184K, reserved 1048576K
}

Deoptimization events (20 events):
Event: 17.840 Thread 0x00007fb310013000 DEOPT PACKING pc=0x00007fb3c869aecc sp=0x00007fb2de7fa830
Event: 17.840 Thread 0x00007fb310013000 DEOPT UNPACKING pc=0x00007fb3c09cd31c sp=0x00007fb2de7fa7c0 mode 2
Event: 17.841 Thread 0x00007fb310013000 Uncommon trap: trap_request=0xffffff4d fr.pc=0x00007fb3c8864d70 relative=0x00000000000016b0
Event: 17.841 Thread 0x00007fb310013000 Uncommon trap: reason=unstable_if action=reinterpret pc=0x00007fb3c8864d70 method=jdk.internal.org.objectweb.asm.Type.getArgumentsAndReturnSizes(Ljava/lang/String;)I @ 41 c2
Event: 17.841 Thread 0x00007fb310013000 DEOPT PACKING pc=0x00007fb3c8864d70 sp=0x00007fb2de7fa5c0
Event: 17.841 Thread 0x00007fb310013000 DEOPT UNPACKING pc=0x00007fb3c09cd31c sp=0x00007fb2de7fa4c0 mode 2
Event: 17.841 Thread 0x00007fb310013000 Uncommon trap: trap_request=0xffffff4d fr.pc=0x00007fb3c88e7a98 relative=0x0000000000000358
Event: 17.841 Thread 0x00007fb310013000 Uncommon trap: reason=unstable_if action=reinterpret pc=0x00007fb3c88e7a98 method=jdk.internal.org.objectweb.asm.Type.getArgumentsAndReturnSizes(Ljava/lang/String;)I @ 41 c2
Event: 17.841 Thread 0x00007fb310013000 DEOPT PACKING pc=0x00007fb3c88e7a98 sp=0x00007fb2de7fa2f0
Event: 17.841 Thread 0x00007fb310013000 DEOPT UNPACKING pc=0x00007fb3c09cd31c sp=0x00007fb2de7fa280 mode 2
Event: 17.892 Thread 0x00007fb3da336800 DEOPT PACKING pc=0x00007fb3c1a3fcd0 sp=0x00007fb3a0539250
Event: 17.892 Thread 0x00007fb3da336800 DEOPT UNPACKING pc=0x00007fb3c09cd17c sp=0x00007fb3a0539050 mode 0
Event: 18.091 Thread 0x00007fb3da336800 Uncommon trap: trap_request=0xffffffc6 fr.pc=0x00007fb3c84a722c relative=0x000000000000092c
Event: 18.091 Thread 0x00007fb3da336800 Uncommon trap: reason=bimorphic_or_optimized_type_check action=maybe_recompile pc=0x00007fb3c84a722c method=java.util.HashMap.putVal(ILjava/lang/Object;Ljava/lang/Object;ZZ)Ljava/lang/Object; @ 203 c2
Event: 18.091 Thread 0x00007fb3da336800 DEOPT PACKING pc=0x00007fb3c84a722c sp=0x00007fb3a053c0a0
Event: 18.091 Thread 0x00007fb3da336800 DEOPT UNPACKING pc=0x00007fb3c09cd31c sp=0x00007fb3a053bf80 mode 2
Event: 18.092 Thread 0x00007fb3da336800 Uncommon trap: trap_request=0xffffffc6 fr.pc=0x00007fb3c84a722c relative=0x000000000000092c
Event: 18.092 Thread 0x00007fb3da336800 Uncommon trap: reason=bimorphic_or_optimized_type_check action=maybe_recompile pc=0x00007fb3c84a722c method=java.util.HashMap.putVal(ILjava/lang/Object;Ljava/lang/Object;ZZ)Ljava/lang/Object; @ 203 c2
Event: 18.092 Thread 0x00007fb3da336800 DEOPT PACKING pc=0x00007fb3c84a722c sp=0x00007fb3a053c0a0
Event: 18.092 Thread 0x00007fb3da336800 DEOPT UNPACKING pc=0x00007fb3c09cd31c sp=0x00007fb3a053bf80 mode 2

Classes redefined (0 events):
No events

Internal exceptions (20 events):
Event: 16.807 Thread 0x00007fb36c018000 Exception <a 'com/sun/jna/LastErrorException'{0x000000071137aaa0}: [2] No such file or directory> (0x000000071137aaa0) thrown at [/build/openjdk-lts-A5WyGk/openjdk-lts-11.0.5+10/src/hotspot/share/prims/jni.cpp, line 636]
Event: 16.826 Thread 0x00007fb36c018000 Exception <a 'com/sun/jna/LastErrorException'{0x000000071137f1a8}: [2] No such file or directory> (0x000000071137f1a8) thrown at [/build/openjdk-lts-A5WyGk/openjdk-lts-11.0.5+10/src/hotspot/share/prims/jni.cpp, line 636]
Event: 17.017 Thread 0x00007fb36c018000 Exception <a 'com/sun/jna/LastErrorException'{0x0000000711383740}: [2] No such file or directory> (0x0000000711383740) thrown at [/build/openjdk-lts-A5WyGk/openjdk-lts-11.0.5+10/src/hotspot/share/prims/jni.cpp, line 636]
Event: 17.026 Thread 0x00007fb310013000 Exception <a 'java/lang/NoSuchMethodError'{0x0000000710f541f8}: 'java.lang.Object java.lang.invoke.Invokers$Holder.invoker(java.lang.Object, java.lang.Object, java.lang.Object)'> (0x0000000710f541f8) thrown at [/build/openjdk-lts-A5WyGk/openjdk-lts-11.0.5
Event: 17.039 Thread 0x00007fb310013000 Exception <a 'java/lang/NoSuchMethodError'{0x0000000710fb42c8}: 'void java.lang.invoke.DirectMethodHandle$Holder.invokeStatic(java.lang.Object, java.lang.Object, int, java.lang.Object)'> (0x0000000710fb42c8) thrown at [/build/openjdk-lts-A5WyGk/openjdk-lt
Event: 17.041 Thread 0x00007fb310013000 Exception <a 'java/lang/NoSuchMethodError'{0x0000000710fbab50}: 'void java.lang.invoke.DelegatingMethodHandle$Holder.delegate(java.lang.Object, java.lang.Object, int, java.lang.Object)'> (0x0000000710fbab50) thrown at [/build/openjdk-lts-A5WyGk/openjdk-lt
Event: 17.219 Thread 0x00007fb36c018000 Exception <a 'com/sun/jna/LastErrorException'{0x00000007109bb1e8}: [2] No such file or directory> (0x00000007109bb1e8) thrown at [/build/openjdk-lts-A5WyGk/openjdk-lts-11.0.5+10/src/hotspot/share/prims/jni.cpp, line 636]
Event: 17.424 Thread 0x00007fb36c018000 Exception <a 'com/sun/jna/LastErrorException'{0x00000007109bf7a0}: [2] No such file or directory> (0x00000007109bf7a0) thrown at [/build/openjdk-lts-A5WyGk/openjdk-lts-11.0.5+10/src/hotspot/share/prims/jni.cpp, line 636]
Event: 17.613 Thread 0x00007fb36c018000 Exception <a 'com/sun/jna/LastErrorException'{0x00000007109c3d38}: [2] No such file or directory> (0x00000007109c3d38) thrown at [/build/openjdk-lts-A5WyGk/openjdk-lts-11.0.5+10/src/hotspot/share/prims/jni.cpp, line 636]
Event: 17.704 Thread 0x00007fb310013000 Exception <a 'java/lang/NoSuchMethodError'{0x000000070ed79a58}: 'java.lang.Object java.lang.invoke.DirectMethodHandle$Holder.invokeStaticInit(java.lang.Object, java.lang.Object, java.lang.Object, java.lang.Object, java.lang.Object, java.lang.Object)'> (0x
Event: 17.794 Thread 0x00007fb36c454000 Exception <a 'java/lang/NoSuchMethodError'{0x000000070e8876d8}: 'java.lang.Object java.lang.invoke.DirectMethodHandle$Holder.invokeStatic(java.lang.Object, java.lang.Object, java.lang.Object, java.lang.Object, java.lang.Object, int, java.lang.Object)'> (0
Event: 17.795 Thread 0x00007fb36c454000 Exception <a 'java/lang/NoSuchMethodError'{0x000000070e890f00}: 'java.lang.Object java.lang.invoke.DirectMethodHandle$Holder.invokeStatic(java.lang.Object, java.lang.Object, java.lang.Object, java.lang.Object, java.lang.Object, int)'> (0x000000070e890f00)
Event: 17.796 Thread 0x00007fb36c454000 Exception <a 'java/lang/NoSuchMethodError'{0x000000070e894e30}: 'java.lang.Object java.lang.invoke.DirectMethodHandle$Holder.invokeSpecial(java.lang.Object, java.lang.Object, java.lang.Object, java.lang.Object, java.lang.Object, java.lang.Object, int)'> (
Event: 17.812 Thread 0x00007fb36c454000 Exception <a 'java/lang/NoSuchMethodError'{0x000000070e898620}: 'java.lang.Object java.lang.invoke.Invokers$Holder.linkToTargetMethod(java.lang.Object, java.lang.Object, java.lang.Object, java.lang.Object, int, java.lang.Object)'> (0x000000070e898620) thr
Event: 17.822 Thread 0x00007fb36c018000 Exception <a 'com/sun/jna/LastErrorException'{0x00000007109ca910}: [2] No such file or directory> (0x00000007109ca910) thrown at [/build/openjdk-lts-A5WyGk/openjdk-lts-11.0.5+10/src/hotspot/share/prims/jni.cpp, line 636]
Event: 17.838 Thread 0x00007fb310013000 Exception <a 'java/lang/NoSuchMethodError'{0x000000070e657850}: 'float java.lang.invoke.DirectMethodHandle$Holder.invokeStatic(java.lang.Object)'> (0x000000070e657850) thrown at [/build/openjdk-lts-A5WyGk/openjdk-lts-11.0.5+10/src/hotspot/share/interprete
Event: 17.839 Thread 0x00007fb310013000 Exception <a 'java/lang/NoSuchMethodError'{0x000000070e65a6a8}: 'float java.lang.invoke.DirectMethodHandle$Holder.invokeStaticInit(java.lang.Object)'> (0x000000070e65a6a8) thrown at [/build/openjdk-lts-A5WyGk/openjdk-lts-11.0.5+10/src/hotspot/share/interp
Event: 17.841 Thread 0x00007fb310013000 Exception <a 'java/lang/NoSuchMethodError'{0x000000070e6622f8}: 'double java.lang.invoke.DirectMethodHandle$Holder.invokeStatic(java.lang.Object)'> (0x000000070e6622f8) thrown at [/build/openjdk-lts-A5WyGk/openjdk-lts-11.0.5+10/src/hotspot/share/interpret
Event: 17.842 Thread 0x00007fb310013000 Exception <a 'java/lang/NoSuchMethodError'{0x000000070e665150}: 'double java.lang.invoke.DirectMethodHandle$Holder.invokeStaticInit(java.lang.Object)'> (0x000000070e665150) thrown at [/build/openjdk-lts-A5WyGk/openjdk-lts-11.0.5+10/src/hotspot/share/inter
Event: 18.013 Thread 0x00007fb36c018000 Exception <a 'com/sun/jna/LastErrorException'{0x00000007156baf00}: [2] No such file or directory> (0x00000007156baf00) thrown at [/build/openjdk-lts-A5WyGk/openjdk-lts-11.0.5+10/src/hotspot/share/prims/jni.cpp, line 636]

Events (20 events):
Event: 18.191 loading class scala/Symbol
Event: 18.191 loading class scala/Symbol done
Event: 18.191 loading class scala/Symbol
Event: 18.191 loading class scala/Symbol done
Event: 18.192 loading class caseapp/CommandName
Event: 18.192 loading class caseapp/CommandName done
Event: 18.192 loading class caseapp/CommandName
Event: 18.192 loading class caseapp/CommandName done
Event: 18.192 loading class scala/Function1
Event: 18.192 loading class scala/Function1 done
Event: 18.192 loading class shapeless/Witness
Event: 18.192 loading class shapeless/Witness done
Event: 18.192 loading class shapeless/Witness
Event: 18.192 loading class shapeless/Witness done
Event: 18.193 loading class scala/Function1
Event: 18.193 loading class scala/Function1 done
Event: 18.194 loading class scala/Function1
Event: 18.194 loading class scala/Function1 done
Event: 18.197 loading class scala/Predef$ArrowAssoc$
Event: 18.197 loading class scala/Predef$ArrowAssoc$ done


Dynamic libraries:
708600000-715800000 rw-p 00000000 00:00 0
715800000-800000000 ---p 00000000 00:00 0
800000000-800d40000 rw-p 00000000 00:00 0
800d40000-840000000 ---p 00000000 00:00 0
7fb2c6df0000-7fb2c6f70000 rw-p 00000000 00:00 0
7fb2c6f70000-7fb2c6ff0000 ---p 00000000 00:00 0
7fb2c6ff0000-7fb2c7ff1000 rw-p 00000000 00:00 0
7fb2c8000000-7fb2c85d2000 rw-p 00000000 00:00 0
7fb2c85d2000-7fb2cc000000 ---p 00000000 00:00 0
7fb2cc000000-7fb2cc085000 rw-p 00000000 00:00 0
7fb2cc085000-7fb2d0000000 ---p 00000000 00:00 0
7fb2d0000000-7fb2d0034000 rw-p 00000000 00:00 0
7fb2d0034000-7fb2d4000000 ---p 00000000 00:00 0
7fb2d4000000-7fb2d4021000 rw-p 00000000 00:00 0
7fb2d4021000-7fb2d8000000 ---p 00000000 00:00 0
7fb2d8000000-7fb2d8021000 rw-p 00000000 00:00 0
7fb2d8021000-7fb2dc000000 ---p 00000000 00:00 0
7fb2dc1e0000-7fb2dc9e1000 rw-p 00000000 00:00 0
7fb2dc9f0000-7fb2dcdf1000 rw-p 00000000 00:00 0
7fb2dce00000-7fb2de000000 rw-p 00000000 00:00 0
7fb2de000000-7fb2de004000 ---p 00000000 00:00 0
7fb2de004000-7fb2de400000 rw-p 00000000 00:00 0
7fb2de400000-7fb2de404000 ---p 00000000 00:00 0
7fb2de404000-7fb2df400000 rw-p 00000000 00:00 0
7fb2df400000-7fb2df404000 ---p 00000000 00:00 0
7fb2df404000-7fb2df800000 rw-p 00000000 00:00 0
7fb2df800000-7fb2df804000 ---p 00000000 00:00 0
7fb2df804000-7fb2dfc00000 rw-p 00000000 00:00 0
7fb2dfc00000-7fb2dfc04000 ---p 00000000 00:00 0
7fb2dfc04000-7fb2e0124000 rw-p 00000000 00:00 0
7fb2e0124000-7fb2e4000000 ---p 00000000 00:00 0
7fb2e4000000-7fb2e4021000 rw-p 00000000 00:00 0
7fb2e4021000-7fb2e8000000 ---p 00000000 00:00 0
7fb2e8000000-7fb2e8021000 rw-p 00000000 00:00 0
7fb2e8021000-7fb2ec000000 ---p 00000000 00:00 0
7fb2ec000000-7fb2ec021000 rw-p 00000000 00:00 0
7fb2ec021000-7fb2f0000000 ---p 00000000 00:00 0
7fb2f0000000-7fb2f0021000 rw-p 00000000 00:00 0
7fb2f0021000-7fb2f4000000 ---p 00000000 00:00 0
7fb2f4000000-7fb2f4021000 rw-p 00000000 00:00 0
7fb2f4021000-7fb2f8000000 ---p 00000000 00:00 0
7fb2f8000000-7fb2f8151000 rw-p 00000000 00:00 0
7fb2f8151000-7fb2fc000000 ---p 00000000 00:00 0
7fb2fc000000-7fb2fc032000 rw-p 00000000 00:00 0
7fb2fc032000-7fb300000000 ---p 00000000 00:00 0
7fb300000000-7fb300021000 rw-p 00000000 00:00 0
7fb300021000-7fb304000000 ---p 00000000 00:00 0
7fb304000000-7fb304021000 rw-p 00000000 00:00 0
7fb304021000-7fb308000000 ---p 00000000 00:00 0
7fb308000000-7fb308021000 rw-p 00000000 00:00 0
7fb308021000-7fb30c000000 ---p 00000000 00:00 0
7fb30c000000-7fb30c135000 rw-p 00000000 00:00 0
7fb30c135000-7fb310000000 ---p 00000000 00:00 0
7fb310000000-7fb311442000 rw-p 00000000 00:00 0
7fb311442000-7fb314000000 ---p 00000000 00:00 0
7fb314000000-7fb316062000 rw-p 00000000 00:00 0
7fb316062000-7fb318000000 ---p 00000000 00:00 0
7fb318000000-7fb318021000 rw-p 00000000 00:00 0
7fb318021000-7fb31c000000 ---p 00000000 00:00 0
7fb31c000000-7fb31c200000 rw-p 00000000 00:00 0
7fb31c200000-7fb31c204000 ---p 00000000 00:00 0
7fb31c204000-7fb31c600000 rw-p 00000000 00:00 0
7fb31c600000-7fb31c604000 ---p 00000000 00:00 0
7fb31c604000-7fb31cc00000 rw-p 00000000 00:00 0
7fb31cc00000-7fb31cc04000 ---p 00000000 00:00 0
7fb31cc04000-7fb31d000000 rw-p 00000000 00:00 0
7fb31d000000-7fb31d004000 ---p 00000000 00:00 0
7fb31d004000-7fb31d400000 rw-p 00000000 00:00 0
7fb31d400000-7fb31d404000 ---p 00000000 00:00 0
7fb31d404000-7fb31d800000 rw-p 00000000 00:00 0
7fb31d800000-7fb31d804000 ---p 00000000 00:00 0
7fb31d804000-7fb31dc00000 rw-p 00000000 00:00 0
7fb31dc00000-7fb31dc04000 ---p 00000000 00:00 0
7fb31dc04000-7fb31e000000 rw-p 00000000 00:00 0
7fb31e000000-7fb31e004000 ---p 00000000 00:00 0
7fb31e004000-7fb31e400000 rw-p 00000000 00:00 0
7fb31e400000-7fb31e404000 ---p 00000000 00:00 0
7fb31e404000-7fb31e800000 rw-p 00000000 00:00 0
7fb31e800000-7fb31e804000 ---p 00000000 00:00 0
7fb31e804000-7fb31ec00000 rw-p 00000000 00:00 0
7fb31ec00000-7fb31ec04000 ---p 00000000 00:00 0
7fb31ec04000-7fb31f000000 rw-p 00000000 00:00 0
7fb31f000000-7fb31f004000 ---p 00000000 00:00 0
7fb31f004000-7fb31f400000 rw-p 00000000 00:00 0
7fb31f400000-7fb31f404000 ---p 00000000 00:00 0
7fb31f404000-7fb31f800000 rw-p 00000000 00:00 0
7fb31f800000-7fb31f804000 ---p 00000000 00:00 0
7fb31f804000-7fb31fc00000 rw-p 00000000 00:00 0
7fb31fc00000-7fb31fc04000 ---p 00000000 00:00 0
7fb31fc04000-7fb320021000 rw-p 00000000 00:00 0
7fb320021000-7fb324000000 ---p 00000000 00:00 0
7fb324000000-7fb32403d000 rw-p 00000000 00:00 0
7fb32403d000-7fb328000000 ---p 00000000 00:00 0
7fb328000000-7fb328021000 rw-p 00000000 00:00 0
7fb328021000-7fb32c000000 ---p 00000000 00:00 0
7fb32c000000-7fb32c901000 rw-p 00000000 00:00 0
7fb32c901000-7fb330000000 ---p 00000000 00:00 0
7fb330000000-7fb330021000 rw-p 00000000 00:00 0
7fb330021000-7fb334000000 ---p 00000000 00:00 0
7fb334000000-7fb334b4e000 rw-p 00000000 00:00 0
7fb334b4e000-7fb338000000 ---p 00000000 00:00 0
7fb338000000-7fb338021000 rw-p 00000000 00:00 0
7fb338021000-7fb33c000000 ---p 00000000 00:00 0
7fb33c000000-7fb33c021000 rw-p 00000000 00:00 0
7fb33c021000-7fb340000000 ---p 00000000 00:00 0
7fb340000000-7fb340072000 rw-p 00000000 00:00 0
7fb340072000-7fb344000000 ---p 00000000 00:00 0
7fb344000000-7fb344021000 rw-p 00000000 00:00 0
7fb344021000-7fb348000000 ---p 00000000 00:00 0
7fb348000000-7fb348021000 rw-p 00000000 00:00 0
7fb348021000-7fb34c000000 ---p 00000000 00:00 0
7fb34c000000-7fb34c39b000 rw-p 00000000 00:00 0
7fb34c39b000-7fb350000000 ---p 00000000 00:00 0
7fb350000000-7fb350021000 rw-p 00000000 00:00 0
7fb350021000-7fb354000000 ---p 00000000 00:00 0
7fb354000000-7fb354021000 rw-p 00000000 00:00 0
7fb354021000-7fb358000000 ---p 00000000 00:00 0
7fb358000000-7fb358021000 rw-p 00000000 00:00 0
7fb358021000-7fb35c000000 ---p 00000000 00:00 0
7fb35c000000-7fb35c021000 rw-p 00000000 00:00 0
7fb35c021000-7fb360000000 ---p 00000000 00:00 0
7fb360000000-7fb361595000 rw-p 00000000 00:00 0
7fb361595000-7fb364000000 ---p 00000000 00:00 0
7fb364190000-7fb364390000 rw-p 00000000 00:00 0
7fb364390000-7fb364394000 ---p 00000000 00:00 0
7fb364394000-7fb364b90000 rw-p 00000000 00:00 0
7fb364b90000-7fb364b94000 ---p 00000000 00:00 0
7fb364b94000-7fb364f90000 rw-p 00000000 00:00 0
7fb364f90000-7fb364f91000 ---p 00000000 00:00 0
7fb364f91000-7fb365192000 rw-p 00000000 00:00 0
7fb3651a0000-7fb3651a1000 ---p 00000000 00:00 0
7fb3651a1000-7fb3653a2000 rw-p 00000000 00:00 0
7fb3653b0000-7fb3653b4000 ---p 00000000 00:00 0
7fb3653b4000-7fb3659b0000 rw-p 00000000 00:00 0
7fb3659b0000-7fb3659b4000 ---p 00000000 00:00 0
7fb3659b4000-7fb365fb0000 rw-p 00000000 00:00 0
7fb365fb0000-7fb365fb4000 ---p 00000000 00:00 0
7fb365fb4000-7fb3663b0000 rw-p 00000000 00:00 0
7fb3663b0000-7fb3663b4000 ---p 00000000 00:00 0
7fb3663b4000-7fb3667b0000 rw-p 00000000 00:00 0
7fb3667b0000-7fb3667b4000 ---p 00000000 00:00 0
7fb3667b4000-7fb366db0000 rw-p 00000000 00:00 0
7fb366db0000-7fb366db4000 ---p 00000000 00:00 0
7fb366db4000-7fb366fb0000 rw-p 00000000 00:00 0
7fb366fb0000-7fb366fb1000 ---p 00000000 00:00 0
7fb366fb1000-7fb3671b2000 rw-p 00000000 00:00 0
7fb3671c0000-7fb3671c1000 ---p 00000000 00:00 0
7fb3671c1000-7fb3673c2000 rw-p 00000000 00:00 0
7fb3673d0000-7fb3673d1000 ---p 00000000 00:00 0
7fb3673d1000-7fb3675d2000 rw-p 00000000 00:00 0
7fb3675e0000-7fb3675e1000 ---p 00000000 00:00 0
7fb3675e1000-7fb3677e2000 rw-p 00000000 00:00 0
7fb3677f0000-7fb3677f1000 ---p 00000000 00:00 0
7fb3677f1000-7fb3679f2000 rw-p 00000000 00:00 0
7fb367a00000-7fb367a04000 ---p 00000000 00:00 0
7fb367a04000-7fb36831d000 rw-p 00000000 00:00 0
7fb36831d000-7fb36c000000 ---p 00000000 00:00 0
7fb36c000000-7fb36c735000 rw-p 00000000 00:00 0
7fb36c735000-7fb370000000 ---p 00000000 00:00 0
7fb370000000-7fb370021000 rw-p 00000000 00:00 0
7fb370021000-7fb374000000 ---p 00000000 00:00 0
7fb374000000-7fb374021000 rw-p 00000000 00:00 0
7fb374021000-7fb378000000 ---p 00000000 00:00 0
7fb378000000-7fb378021000 rw-p 00000000 00:00 0
7fb378021000-7fb37c000000 ---p 00000000 00:00 0
7fb37c000000-7fb37c021000 rw-p 00000000 00:00 0
7fb37c021000-7fb380000000 ---p 00000000 00:00 0
7fb380000000-7fb380985000 rw-p 00000000 00:00 0
7fb380985000-7fb384000000 ---p 00000000 00:00 0
7fb384000000-7fb384021000 rw-p 00000000 00:00 0
7fb384021000-7fb388000000 ---p 00000000 00:00 0
7fb388000000-7fb388021000 rw-p 00000000 00:00 0
7fb388021000-7fb38c000000 ---p 00000000 00:00 0
7fb38c000000-7fb38ca36000 rw-p 00000000 00:00 0
7fb38ca36000-7fb390000000 ---p 00000000 00:00 0
7fb390000000-7fb390021000 rw-p 00000000 00:00 0
7fb390021000-7fb394000000 ---p 00000000 00:00 0
7fb394000000-7fb394021000 rw-p 00000000 00:00 0
7fb394021000-7fb398000000 ---p 00000000 00:00 0
7fb398000000-7fb398228000 rw-p 00000000 00:00 0
7fb398228000-7fb39c000000 ---p 00000000 00:00 0
7fb39c000000-7fb39c021000 rw-p 00000000 00:00 0
7fb39c021000-7fb3a0000000 ---p 00000000 00:00 0
7fb3a00c0000-7fb3a00d6000 r-xp 00000000 00:00 344914             /tmp/jna-107030/jna8583240800379927491.tmp (deleted) (deleted)
7fb3a00d6000-7fb3a00da000 ---p 00016000 00:00 344914             /tmp/jna-107030/jna8583240800379927491.tmp (deleted) (deleted)
7fb3a00da000-7fb3a00e5000 ---p 0001a000 00:00 344914             /tmp/jna-107030/jna8583240800379927491.tmp (deleted) (deleted)
7fb3a00e5000-7fb3a00e7000 rw-p 00015000 00:00 344914             /tmp/jna-107030/jna8583240800379927491.tmp (deleted) (deleted)
7fb3a00f0000-7fb3a00f4000 ---p 00000000 00:00 0
7fb3a00f4000-7fb3a011a000 rw-p 00000000 00:00 0
7fb3a0120000-7fb3a0122000 r-xp 00000000 00:00 1097905            /usr/lib/jvm/java-11-openjdk-arm64/lib/libextnet.so
7fb3a0122000-7fb3a0123000 ---p 00002000 00:00 1097905            /usr/lib/jvm/java-11-openjdk-arm64/lib/libextnet.so
7fb3a0123000-7fb3a0131000 ---p 00003000 00:00 1097905            /usr/lib/jvm/java-11-openjdk-arm64/lib/libextnet.so
7fb3a0131000-7fb3a0132000 r--p 00001000 00:00 1097905            /usr/lib/jvm/java-11-openjdk-arm64/lib/libextnet.so
7fb3a0132000-7fb3a0133000 rw-p 00002000 00:00 1097905            /usr/lib/jvm/java-11-openjdk-arm64/lib/libextnet.so
7fb3a0140000-7fb3a0144000 ---p 00000000 00:00 0
7fb3a0144000-7fb3a0940000 rw-p 00000000 00:00 0
7fb3a0940000-7fb3a0944000 ---p 00000000 00:00 0
7fb3a0944000-7fb3a0d40000 rw-p 00000000 00:00 0
7fb3a0d40000-7fb3a0d41000 ---p 00000000 00:00 0
7fb3a0d41000-7fb3a0f42000 rw-p 00000000 00:00 0
7fb3a0f50000-7fb3a1389000 rw-p 00000000 00:00 0
7fb3a1390000-7fb3a13a5000 r-xp 00000000 00:00 1097924            /usr/lib/jvm/java-11-openjdk-arm64/lib/libnet.so
7fb3a13a5000-7fb3a13a6000 ---p 00015000 00:00 1097924            /usr/lib/jvm/java-11-openjdk-arm64/lib/libnet.so
7fb3a13a6000-7fb3a13b4000 ---p 00016000 00:00 1097924            /usr/lib/jvm/java-11-openjdk-arm64/lib/libnet.so
7fb3a13b4000-7fb3a13b5000 r--p 00014000 00:00 1097924            /usr/lib/jvm/java-11-openjdk-arm64/lib/libnet.so
7fb3a13b5000-7fb3a13b6000 rw-p 00015000 00:00 1097924            /usr/lib/jvm/java-11-openjdk-arm64/lib/libnet.so
7fb3a13c0000-7fb3a13ce000 r-xp 00000000 00:00 1097925            /usr/lib/jvm/java-11-openjdk-arm64/lib/libnio.so
7fb3a13ce000-7fb3a13cf000 ---p 0000e000 00:00 1097925            /usr/lib/jvm/java-11-openjdk-arm64/lib/libnio.so
7fb3a13cf000-7fb3a13dd000 ---p 0000f000 00:00 1097925            /usr/lib/jvm/java-11-openjdk-arm64/lib/libnio.so
7fb3a13dd000-7fb3a13de000 r--p 0000d000 00:00 1097925            /usr/lib/jvm/java-11-openjdk-arm64/lib/libnio.so
7fb3a13de000-7fb3a13df000 rw-p 0000e000 00:00 1097925            /usr/lib/jvm/java-11-openjdk-arm64/lib/libnio.so
7fb3a13e0000-7fb3a13e4000 ---p 00000000 00:00 0
7fb3a13e4000-7fb3a17e0000 rw-p 00000000 00:00 0
7fb3a17e0000-7fb3a17e1000 ---p 00000000 00:00 0
7fb3a17e1000-7fb3a19e2000 rw-p 00000000 00:00 0
7fb3a19f0000-7fb3a19f4000 ---p 00000000 00:00 0
7fb3a19f4000-7fb3a1df0000 rw-p 00000000 00:00 0
7fb3a1df0000-7fb3a1df4000 ---p 00000000 00:00 0
7fb3a1df4000-7fb3a21f0000 rw-p 00000000 00:00 0
7fb3a21f0000-7fb3a21f4000 ---p 00000000 00:00 0
7fb3a21f4000-7fb3a23f0000 rw-p 00000000 00:00 0
7fb3a23f0000-7fb3a23f4000 ---p 00000000 00:00 0
7fb3a23f4000-7fb3a25f0000 rw-p 00000000 00:00 0
7fb3a25f0000-7fb3a25f4000 ---p 00000000 00:00 0
7fb3a25f4000-7fb3a29f0000 rw-p 00000000 00:00 0
7fb3a29f2000-7fb3a2b65000 r--p 00000000 00:00 1111456            /usr/lib/locale/C.UTF-8/LC_COLLATE
7fb3a2b65000-7fb3a2d00000 r--p 00000000 00:00 1111453            /usr/lib/locale/locale-archive
7fb3a2d00000-7fb3a2d04000 ---p 00000000 00:00 0
7fb3a2d04000-7fb3a3100000 rw-p 00000000 00:00 0
7fb3a3100000-7fb3a3104000 ---p 00000000 00:00 0
7fb3a3104000-7fb3a3500000 rw-p 00000000 00:00 0
7fb3a3500000-7fb3a3501000 ---p 00000000 00:00 0
7fb3a3501000-7fb3a3702000 rw-p 00000000 00:00 0
7fb3a3710000-7fb3a3791000 rw-p 00000000 00:00 0
7fb3a37a0000-7fb3a37fb000 rw-p 00000000 00:00 0
7fb3a3800000-7fb3a4021000 rw-p 00000000 00:00 0
7fb3a4021000-7fb3a8000000 ---p 00000000 00:00 0
7fb3a8000000-7fb3a8021000 rw-p 00000000 00:00 0
7fb3a8021000-7fb3ac000000 ---p 00000000 00:00 0
7fb3ac000000-7fb3ac021000 rw-p 00000000 00:00 0
7fb3ac021000-7fb3b0000000 ---p 00000000 00:00 0
7fb3b000f000-7fb3b0040000 r--p 00000000 00:00 1111457            /usr/lib/locale/C.UTF-8/LC_CTYPE
7fb3b0040000-7fb3b0041000 ---p 00000000 00:00 0
7fb3b0041000-7fb3b0242000 rw-p 00000000 00:00 0
7fb3b0250000-7fb3b0251000 ---p 00000000 00:00 0
7fb3b0251000-7fb3b0452000 rw-p 00000000 00:00 0
7fb3b0460000-7fb3b0561000 rw-p 00000000 00:00 0
7fb3b0570000-7fb3b0671000 rw-p 00000000 00:00 0
7fb3b0680000-7fb3b0781000 rw-p 00000000 00:00 0
7fb3b0790000-7fb3b0891000 rw-p 00000000 00:00 0
7fb3b08a0000-7fb3b09a1000 rw-p 00000000 00:00 0
7fb3b09b0000-7fb3b0ab1000 rw-p 00000000 00:00 0
7fb3b0ac0000-7fb3b0bc1000 rw-p 00000000 00:00 0
7fb3b0bd0000-7fb3b0cd1000 rw-p 00000000 00:00 0
7fb3b0ce0000-7fb3b3028000 rw-p 00000000 00:00 0
7fb3b3028000-7fb3b6ac8000 ---p 00000000 00:00 0
7fb3b6ad0000-7fb3b6e18000 rw-p 00000000 00:00 0
7fb3b6e18000-7fb3ba8b8000 ---p 00000000 00:00 0
7fb3ba8c0000-7fb3ba929000 rw-p 00000000 00:00 0
7fb3ba929000-7fb3bb07d000 ---p 00000000 00:00 0
7fb3bb080000-7fb3bb0e9000 rw-p 00000000 00:00 0
7fb3bb0e9000-7fb3bb83d000 ---p 00000000 00:00 0
7fb3bb840000-7fb3bb8a9000 rw-p 00000000 00:00 0
7fb3bb8a9000-7fb3bbffd000 ---p 00000000 00:00 0
7fb3bc000000-7fb3bc021000 rw-p 00000000 00:00 0
7fb3bc021000-7fb3c0001000 ---p 00000000 00:00 0
7fb3c0001000-7fb3c0202000 rw-p 00000000 00:00 0
7fb3c0210000-7fb3c0211000 ---p 00000000 00:00 0
7fb3c0211000-7fb3c0412000 rw-p 00000000 00:00 0
7fb3c0420000-7fb3c04e2000 rw-p 00000000 00:00 0
7fb3c04f0000-7fb3c05f1000 rw-p 00000000 00:00 0
7fb3c0600000-7fb3c0701000 rw-p 00000000 00:00 0
7fb3c0710000-7fb3c0811000 rw-p 00000000 00:00 0
7fb3c0820000-7fb3c0921000 rw-p 00000000 00:00 0
7fb3c0930000-7fb3c0ba0000 rwxp 00000000 00:00 0
7fb3c0ba0000-7fb3c0ec1000 ---p 00000000 00:00 0
7fb3c0ec1000-7fb3c1ba1000 rwxp 00000000 00:00 0
7fb3c1ba1000-7fb3c83f8000 ---p 00000000 00:00 0
7fb3c83f8000-7fb3c8978000 rwxp 00000000 00:00 0
7fb3c8978000-7fb3cf930000 ---p 00000000 00:00 0
7fb3cf930000-7fb3cf931000 rwxp 00000000 00:00 0
7fb3cf93e000-7fb3d8000000 r--s 00000000 00:00 1097934            /usr/lib/jvm/java-11-openjdk-arm64/lib/modules
7fb3d8000000-7fb3da33e000 rw-p 00000000 00:00 0
7fb3da33e000-7fb3dc000000 ---p 00000000 00:00 0
7fb3dc000000-7fb3dc028000 rw-p 00000000 00:00 0
7fb3dc030000-7fb3dc051000 rw-p 00000000 00:00 0
7fb3dc060000-7fb3dc081000 rw-p 00000000 00:00 0
7fb3dc090000-7fb3dc191000 rw-p 00000000 00:00 0
7fb3dc1a0000-7fb3dc2a1000 rw-p 00000000 00:00 0
7fb3dc2b0000-7fb3dc3b1000 rw-p 00000000 00:00 0
7fb3dc3c0000-7fb3dc4c1000 rw-p 00000000 00:00 0
7fb3dc4d0000-7fb3dc4d1000 ---p 00000000 00:00 0
7fb3dc4d1000-7fb3dc6d2000 rw-p 00000000 00:00 0
7fb3dc6e0000-7fb3dc6eb000 rw-p 00000000 00:00 0
7fb3dc6eb000-7fb3dc7cb000 ---p 00000000 00:00 0
7fb3dc7d0000-7fb3dc7ea000 rw-p 00000000 00:00 0
7fb3dc7ea000-7fb3dc8bb000 ---p 00000000 00:00 0
7fb3dc8c0000-7fb3dc8c5000 rw-p 00000000 00:00 0
7fb3dc8c5000-7fb3dc8cc000 ---p 00000000 00:00 0
7fb3dc8d0000-7fb3dc8d5000 r-xp 00000000 00:00 1097916            /usr/lib/jvm/java-11-openjdk-arm64/lib/libjimage.so
7fb3dc8d5000-7fb3dc8d6000 ---p 00005000 00:00 1097916            /usr/lib/jvm/java-11-openjdk-arm64/lib/libjimage.so
7fb3dc8d6000-7fb3dc8e4000 ---p 00006000 00:00 1097916            /usr/lib/jvm/java-11-openjdk-arm64/lib/libjimage.so
7fb3dc8e4000-7fb3dc8e5000 r--p 00004000 00:00 1097916            /usr/lib/jvm/java-11-openjdk-arm64/lib/libjimage.so
7fb3dc8e5000-7fb3dc8e6000 rw-p 00005000 00:00 1097916            /usr/lib/jvm/java-11-openjdk-arm64/lib/libjimage.so
7fb3dc8f0000-7fb3dc8fa000 r-xp 00000000 00:00 1115804            /lib/aarch64-linux-gnu/libnss_files-2.27.so
7fb3dc8fa000-7fb3dc8fb000 ---p 0000a000 00:00 1115804            /lib/aarch64-linux-gnu/libnss_files-2.27.so
7fb3dc8fb000-7fb3dc909000 ---p 0000b000 00:00 1115804            /lib/aarch64-linux-gnu/libnss_files-2.27.so
7fb3dc909000-7fb3dc90a000 r--p 00009000 00:00 1115804            /lib/aarch64-linux-gnu/libnss_files-2.27.so
7fb3dc90a000-7fb3dc90b000 rw-p 0000a000 00:00 1115804            /lib/aarch64-linux-gnu/libnss_files-2.27.so
7fb3dc90b000-7fb3dc911000 rw-p 00000000 00:00 0
7fb3dc920000-7fb3dc932000 r-xp 00000000 00:00 1115764            /lib/aarch64-linux-gnu/libnsl-2.27.so
7fb3dc932000-7fb3dc933000 ---p 00012000 00:00 1115764            /lib/aarch64-linux-gnu/libnsl-2.27.so
7fb3dc933000-7fb3dc941000 ---p 00013000 00:00 1115764            /lib/aarch64-linux-gnu/libnsl-2.27.so
7fb3dc941000-7fb3dc942000 r--p 00011000 00:00 1115764            /lib/aarch64-linux-gnu/libnsl-2.27.so
7fb3dc942000-7fb3dc943000 rw-p 00012000 00:00 1115764            /lib/aarch64-linux-gnu/libnsl-2.27.so
7fb3dc943000-7fb3dc945000 rw-p 00000000 00:00 0
7fb3dc950000-7fb3dc95a000 r-xp 00000000 00:00 1115763            /lib/aarch64-linux-gnu/libnss_nis-2.27.so
7fb3dc95a000-7fb3dc95b000 ---p 0000a000 00:00 1115763            /lib/aarch64-linux-gnu/libnss_nis-2.27.so
7fb3dc95b000-7fb3dc969000 ---p 0000b000 00:00 1115763            /lib/aarch64-linux-gnu/libnss_nis-2.27.so
7fb3dc969000-7fb3dc96a000 r--p 00009000 00:00 1115763            /lib/aarch64-linux-gnu/libnss_nis-2.27.so
7fb3dc96a000-7fb3dc96b000 rw-p 0000a000 00:00 1115763            /lib/aarch64-linux-gnu/libnss_nis-2.27.so
7fb3dc970000-7fb3dc977000 r-xp 00000000 00:00 1115781            /lib/aarch64-linux-gnu/libnss_compat-2.27.so
7fb3dc977000-7fb3dc978000 ---p 00007000 00:00 1115781            /lib/aarch64-linux-gnu/libnss_compat-2.27.so
7fb3dc978000-7fb3dc986000 ---p 00008000 00:00 1115781            /lib/aarch64-linux-gnu/libnss_compat-2.27.so
7fb3dc986000-7fb3dc987000 r--p 00006000 00:00 1115781            /lib/aarch64-linux-gnu/libnss_compat-2.27.so
7fb3dc987000-7fb3dc988000 rw-p 00007000 00:00 1115781            /lib/aarch64-linux-gnu/libnss_compat-2.27.so
7fb3dc990000-7fb3dc996000 r-xp 00000000 00:00 1097933            /usr/lib/jvm/java-11-openjdk-arm64/lib/libzip.so
7fb3dc996000-7fb3dc997000 ---p 00006000 00:00 1097933            /usr/lib/jvm/java-11-openjdk-arm64/lib/libzip.so
7fb3dc997000-7fb3dc9a5000 ---p 00007000 00:00 1097933            /usr/lib/jvm/java-11-openjdk-arm64/lib/libzip.so
7fb3dc9a5000-7fb3dc9a6000 r--p 00005000 00:00 1097933            /usr/lib/jvm/java-11-openjdk-arm64/lib/libzip.so
7fb3dc9a6000-7fb3dc9a7000 rw-p 00006000 00:00 1097933            /usr/lib/jvm/java-11-openjdk-arm64/lib/libzip.so
7fb3dc9b0000-7fb3dc9b1000 ---p 00000000 00:00 0
7fb3dc9b1000-7fb3dc9b2000 r--p 00000000 00:00 0
7fb3dc9c0000-7fb3dc9e5000 r-xp 00000000 00:00 1097912            /usr/lib/jvm/java-11-openjdk-arm64/lib/libjava.so
7fb3dc9e5000-7fb3dc9e7000 ---p 00025000 00:00 1097912            /usr/lib/jvm/java-11-openjdk-arm64/lib/libjava.so
7fb3dc9e7000-7fb3dc9f4000 ---p 00027000 00:00 1097912            /usr/lib/jvm/java-11-openjdk-arm64/lib/libjava.so
7fb3dc9f4000-7fb3dc9f5000 r--p 00024000 00:00 1097912            /usr/lib/jvm/java-11-openjdk-arm64/lib/libjava.so
7fb3dc9f5000-7fb3dc9f7000 rw-p 00025000 00:00 1097912            /usr/lib/jvm/java-11-openjdk-arm64/lib/libjava.so
7fb3dca00000-7fb3dca06000 r-xp 00000000 00:00 1115838            /lib/aarch64-linux-gnu/librt-2.27.so
7fb3dca06000-7fb3dca07000 ---p 00006000 00:00 1115838            /lib/aarch64-linux-gnu/librt-2.27.so
7fb3dca07000-7fb3dca15000 ---p 00007000 00:00 1115838            /lib/aarch64-linux-gnu/librt-2.27.so
7fb3dca15000-7fb3dca16000 r--p 00005000 00:00 1115838            /lib/aarch64-linux-gnu/librt-2.27.so
7fb3dca16000-7fb3dca17000 rw-p 00006000 00:00 1115838            /lib/aarch64-linux-gnu/librt-2.27.so
7fb3dca20000-7fb3dca24000 ---p 00000000 00:00 0
7fb3dca24000-7fb3dce20000 rw-p 00000000 00:00 0
7fb3dce20000-7fb3dce33000 r-xp 00000000 00:00 1115720            /lib/aarch64-linux-gnu/libgcc_s.so.1
7fb3dce33000-7fb3dce34000 ---p 00013000 00:00 1115720            /lib/aarch64-linux-gnu/libgcc_s.so.1
7fb3dce34000-7fb3dce42000 ---p 00014000 00:00 1115720            /lib/aarch64-linux-gnu/libgcc_s.so.1
7fb3dce42000-7fb3dce43000 r--p 00012000 00:00 1115720            /lib/aarch64-linux-gnu/libgcc_s.so.1
7fb3dce43000-7fb3dce44000 rw-p 00013000 00:00 1115720            /lib/aarch64-linux-gnu/libgcc_s.so.1
7fb3dce50000-7fb3dcef9000 r-xp 00000000 00:00 1115710            /lib/aarch64-linux-gnu/libm-2.27.so
7fb3dcef9000-7fb3dcefa000 ---p 000a9000 00:00 1115710            /lib/aarch64-linux-gnu/libm-2.27.so
7fb3dcefa000-7fb3dcf08000 ---p 000aa000 00:00 1115710            /lib/aarch64-linux-gnu/libm-2.27.so
7fb3dcf08000-7fb3dcf09000 r--p 000a8000 00:00 1115710            /lib/aarch64-linux-gnu/libm-2.27.so
7fb3dcf09000-7fb3dcf0a000 rw-p 000a9000 00:00 1115710            /lib/aarch64-linux-gnu/libm-2.27.so
7fb3dcf10000-7fb3dd084000 r-xp 00000000 00:00 1089050            /usr/lib/aarch64-linux-gnu/libstdc++.so.6.0.25
7fb3dd084000-7fb3dd091000 ---p 00174000 00:00 1089050            /usr/lib/aarch64-linux-gnu/libstdc++.so.6.0.25
7fb3dd091000-7fb3dd094000 ---p 00181000 00:00 1089050            /usr/lib/aarch64-linux-gnu/libstdc++.so.6.0.25
7fb3dd094000-7fb3dd09e000 r--p 00174000 00:00 1089050            /usr/lib/aarch64-linux-gnu/libstdc++.so.6.0.25
7fb3dd09e000-7fb3dd0a0000 rw-p 0017e000 00:00 1089050            /usr/lib/aarch64-linux-gnu/libstdc++.so.6.0.25
7fb3dd0a0000-7fb3dd0a3000 rw-p 00000000 00:00 0
7fb3dd0b0000-7fb3ddd37000 r-xp 00000000 00:00 1097937            /usr/lib/jvm/java-11-openjdk-arm64/lib/server/libjvm.so
7fb3ddd37000-7fb3ddd46000 ---p 00c87000 00:00 1097937            /usr/lib/jvm/java-11-openjdk-arm64/lib/server/libjvm.so
7fb3ddd46000-7fb3dddd7000 r--p 00c86000 00:00 1097937            /usr/lib/jvm/java-11-openjdk-arm64/lib/server/libjvm.so
7fb3dddd7000-7fb3dde0b000 rw-p 00d17000 00:00 1097937            /usr/lib/jvm/java-11-openjdk-arm64/lib/server/libjvm.so
7fb3dde0b000-7fb3dde7d000 rw-p 00000000 00:00 0
7fb3dde80000-7fb3dde97000 r-xp 00000000 00:00 1115760            /lib/aarch64-linux-gnu/libpthread-2.27.so
7fb3dde97000-7fb3ddea2000 ---p 00017000 00:00 1115760            /lib/aarch64-linux-gnu/libpthread-2.27.so
7fb3ddea2000-7fb3ddea6000 ---p 00022000 00:00 1115760            /lib/aarch64-linux-gnu/libpthread-2.27.so
7fb3ddea6000-7fb3ddea7000 r--p 00016000 00:00 1115760            /lib/aarch64-linux-gnu/libpthread-2.27.so
7fb3ddea7000-7fb3ddea8000 rw-p 00017000 00:00 1115760            /lib/aarch64-linux-gnu/libpthread-2.27.so
7fb3ddea8000-7fb3ddeac000 rw-p 00000000 00:00 0
7fb3ddeb0000-7fb3ddeb3000 r-xp 00000000 00:00 1115805            /lib/aarch64-linux-gnu/libdl-2.27.so
7fb3ddeb3000-7fb3ddeb5000 ---p 00003000 00:00 1115805            /lib/aarch64-linux-gnu/libdl-2.27.so
7fb3ddeb5000-7fb3ddec3000 ---p 00005000 00:00 1115805            /lib/aarch64-linux-gnu/libdl-2.27.so
7fb3ddec3000-7fb3ddec4000 r--p 00003000 00:00 1115805            /lib/aarch64-linux-gnu/libdl-2.27.so
7fb3ddec4000-7fb3ddec5000 rw-p 00004000 00:00 1115805            /lib/aarch64-linux-gnu/libdl-2.27.so
7fb3dded0000-7fb3ddeec000 r-xp 00000000 00:00 1115819            /lib/aarch64-linux-gnu/libz.so.1.2.11
7fb3ddeec000-7fb3ddeed000 ---p 0001c000 00:00 1115819            /lib/aarch64-linux-gnu/libz.so.1.2.11
7fb3ddeed000-7fb3ddefb000 ---p 0001d000 00:00 1115819            /lib/aarch64-linux-gnu/libz.so.1.2.11
7fb3ddefb000-7fb3ddefc000 r--p 0001b000 00:00 1115819            /lib/aarch64-linux-gnu/libz.so.1.2.11
7fb3ddefc000-7fb3ddefd000 rw-p 0001c000 00:00 1115819            /lib/aarch64-linux-gnu/libz.so.1.2.11
7fb3ddefd000-7fb3ddefe000 r--p 00000000 00:00 1111455            /usr/lib/locale/C.UTF-8/LC_NUMERIC
7fb3ddefe000-7fb3ddeff000 r--p 00000000 00:00 1111461            /usr/lib/locale/C.UTF-8/LC_TIME
7fb3ddeff000-7fb3ddf00000 r--p 00000000 00:00 1111459            /usr/lib/locale/C.UTF-8/LC_MONETARY
7fb3ddf00000-7fb3de040000 r-xp 00000000 00:00 1115695            /lib/aarch64-linux-gnu/libc-2.27.so
7fb3de040000-7fb3de048000 ---p 00140000 00:00 1115695            /lib/aarch64-linux-gnu/libc-2.27.so
7fb3de048000-7fb3de04f000 ---p 00148000 00:00 1115695            /lib/aarch64-linux-gnu/libc-2.27.so
7fb3de04f000-7fb3de053000 r--p 0013f000 00:00 1115695            /lib/aarch64-linux-gnu/libc-2.27.so
7fb3de053000-7fb3de055000 rw-p 00143000 00:00 1115695            /lib/aarch64-linux-gnu/libc-2.27.so
7fb3de055000-7fb3de059000 rw-p 00000000 00:00 0
7fb3de059000-7fb3de060000 r--s 00000000 00:00 1092605            /usr/lib/aarch64-linux-gnu/gconv/gconv-modules.cache
7fb3de060000-7fb3de06c000 r-xp 00000000 00:00 1097932            /usr/lib/jvm/java-11-openjdk-arm64/lib/libverify.so
7fb3de06c000-7fb3de06e000 ---p 0000c000 00:00 1097932            /usr/lib/jvm/java-11-openjdk-arm64/lib/libverify.so
7fb3de06e000-7fb3de07b000 ---p 0000e000 00:00 1097932            /usr/lib/jvm/java-11-openjdk-arm64/lib/libverify.so
7fb3de07b000-7fb3de07d000 r--p 0000b000 00:00 1097932            /usr/lib/jvm/java-11-openjdk-arm64/lib/libverify.so
7fb3de07d000-7fb3de07e000 rw-p 0000d000 00:00 1097932            /usr/lib/jvm/java-11-openjdk-arm64/lib/libverify.so
7fb3de07e000-7fb3de07f000 r--p 00000000 00:00 1111466            /usr/lib/locale/C.UTF-8/LC_MESSAGES/SYS_LC_MESSAGES
7fb3de07f000-7fb3de080000 r--p 00000000 00:00 1111463            /usr/lib/locale/C.UTF-8/LC_PAPER
7fb3de080000-7fb3de08e000 r-xp 00000000 00:00 1097896            /usr/lib/jvm/java-11-openjdk-arm64/lib/jli/libjli.so
7fb3de08e000-7fb3de08f000 ---p 0000e000 00:00 1097896            /usr/lib/jvm/java-11-openjdk-arm64/lib/jli/libjli.so
7fb3de08f000-7fb3de09d000 ---p 0000f000 00:00 1097896            /usr/lib/jvm/java-11-openjdk-arm64/lib/jli/libjli.so
7fb3de09d000-7fb3de09e000 r--p 0000d000 00:00 1097896            /usr/lib/jvm/java-11-openjdk-arm64/lib/jli/libjli.so
7fb3de09e000-7fb3de09f000 rw-p 0000e000 00:00 1097896            /usr/lib/jvm/java-11-openjdk-arm64/lib/jli/libjli.so
7fb3de09f000-7fb3de0a0000 r--p 00000000 00:00 1111465            /usr/lib/locale/C.UTF-8/LC_NAME
7fb3de0a0000-7fb3de0bc000 r-xp 00000000 00:00 1115683            /lib/aarch64-linux-gnu/ld-2.27.so
7fb3de0bc000-7fb3de0bd000 r-xp 0001c000 00:00 1115683            /lib/aarch64-linux-gnu/ld-2.27.so
7fb3de0bd000-7fb3de0be000 r--p 00000000 00:00 1111454            /usr/lib/locale/C.UTF-8/LC_ADDRESS
7fb3de0be000-7fb3de0bf000 r--p 00000000 00:00 1111458            /usr/lib/locale/C.UTF-8/LC_TELEPHONE
7fb3de0bf000-7fb3de0c0000 r--p 00000000 00:00 1111462            /usr/lib/locale/C.UTF-8/LC_MEASUREMENT
7fb3de0c0000-7fb3de0c2000 rw-p 00000000 00:00 0
7fb3de0c2000-7fb3de0c4000 r--s 00007000 00:00 943583             /usr/share/java/java-atk-wrapper.jar
7fb3de0c4000-7fb3de0cc000 rw-s 00000000 00:00 1401375            /tmp/hsperfdata_leo/9328
7fb3de0cc000-7fb3de0cd000 r--p 0001c000 00:00 1115683            /lib/aarch64-linux-gnu/ld-2.27.so
7fb3de0cd000-7fb3de0cf000 rw-p 0001d000 00:00 1115683            /lib/aarch64-linux-gnu/ld-2.27.so
7fb3de0cf000-7fb3de0d0000 r--p 00000000 00:00 1111464            /usr/lib/locale/C.UTF-8/LC_IDENTIFICATION
7fb3de0d0000-7fb3de0d2000 rw-p 00000000 00:00 0
7fb3de0e0000-7fb3de0e1000 r-xp 00000000 00:00 1097664            /usr/lib/jvm/java-11-openjdk-arm64/bin/java
7fb3de0e1000-7fb3de0e2000 r-xp 00001000 00:00 1097664            /usr/lib/jvm/java-11-openjdk-arm64/bin/java
7fb3de0f1000-7fb3de0f2000 r--p 00001000 00:00 1097664            /usr/lib/jvm/java-11-openjdk-arm64/bin/java
7fb3de0f2000-7fb3de0f3000 rw-p 00002000 00:00 1097664            /usr/lib/jvm/java-11-openjdk-arm64/bin/java
7fffbc37b000-7fffbc3b4000 rw-p 00000000 00:00 0                  [heap]
7fffc466d000-7fffc4e6d000 rw-p 00000000 00:00 0                  [stack]
7fffc5403000-7fffc5404000 r-xp 00000000 00:00 0                  [vdso]


VM Arguments:
jvm_args: -Dmetals.input-box=on -Dmetals.client=vscode -Xss4m -Xms100m 
java_command: scala.meta.metals.Main
java_class_path (initial): /home/leo/.cache/coursier/v1/https/repo1.maven.org/maven2/org/slf4j/slf4j-api/1.7.25/slf4j-api-1.7.25.jar:/home/leo/.cache/coursier/v1/https/repo1.maven.org/maven2/com/lihaoyi/sourcecode_2.12/0.1.7/sourcecode_2.12-0.1.7.jar:/home/leo/.cache/coursier/v1/https/repo1.maven.org/maven2/com/google/guava/guava/28.0-jre/guava-28.0-jre.jar:/home/leo/.cache/coursier/v1/https/repo1.maven.org/maven2/org/jsoup/jsoup/1.11.3/jsoup-1.11.3.jar:/home/leo/.cache/coursier/v1/https/repo1.maven.org/maven2/org/scalameta/metals_2.12/0.7.6/metals_2.12-0.7.6.jar:/home/leo/.cache/coursier/v1/https/repo1.maven.org/maven2/org/eclipse/xtext/org.eclipse.xtext.xbase.lib/2.18.0/org.eclipse.xtext.xbase.lib-2.18.0.jar:/home/leo/.cache/coursier/v1/https/repo1.maven.org/maven2/org/scala-lang/scalap/2.12.9/scalap-2.12.9.jar:/home/leo/.cache/coursier/v1/https/repo1.maven.org/maven2/org/scala-sbt/ipcsocket/ipcsocket/1.0.0/ipcsocket-1.0.0.jar:/home/leo/.cache/coursier/v1/https/repo1.maven.org/maven2/org/scalameta/fastparse-utils_2.12/1.0.1/fastparse-utils_2.12-1.0.1.jar:/home/leo/.cache/coursier/v1/https/repo1.maven.org/maven2/com/google/errorprone/error_prone_annotations/2.3.2/error_prone_annotations-2.3.2.jar:/home/leo/.cache/coursier/v1/https/repo1.maven.org/maven2/org/scala-lang/modules/scala-xml_2.12/1.1.1/scala-xml_2.12-1.1.1.jar:/home/leo/.cache/coursier/v1/https/repo1.maven.org/maven2/com/thesamet/scalapb/lenses_2.12/0.9.0/lenses_2.12-0.9.0.jar:/home/leo/.cache/coursier/v1/https/repo1.maven.org/maven2/org/jboss/logging/jboss-logging/3.3.2.Final/jboss-logging-3.3.2.Final.jar:/home/leo/.cache/coursier/v1/https/repo1.maven.org/maven2/org/scalameta/scalameta_2.12/4.2.3/scalameta_2.12-4.2.3.jar:/home/leo/.cache/coursier/v1/https/repo1.maven.org/maven2/com/outr/scribe-slf4j_2.12/2.6.0/scribe-slf4j_2.12-2.6.0.jar:/home/leo/.cache/coursier/v1/https/repo1.maven.org/maven2/com/lihaoyi/fansi_2.12/0.2.7/fansi_2.12-0.2.7.jar:/home/leo/.cache/coursier/v1/https/repo1.maven.org/maven2/
Launcher Type: SUN_STANDARD

[Global flags]
     intx CICompilerCount                          = 4                                         {product} {ergonomic}
     uint ConcGCThreads                            = 2                                         {product} {ergonomic}
     uint G1ConcRefinementThreads                  = 8                                         {product} {ergonomic}
   size_t G1HeapRegionSize                         = 1048576                                   {product} {ergonomic}
    uintx GCDrainStackTargetSize                   = 64                                        {product} {ergonomic}
   size_t InitialHeapSize                          = 104857600                                 {product} {command line}
   size_t MarkStackSize                            = 4194304                                   {product} {ergonomic}
   size_t MaxHeapSize                              = 4154458112                                {product} {ergonomic}
   size_t MaxNewSize                               = 2492465152                                {product} {ergonomic}
   size_t MinHeapDeltaBytes                        = 1048576                                   {product} {ergonomic}
    uintx NonNMethodCodeHeapSize                   = 5836492                                {pd product} {ergonomic}
    uintx NonProfiledCodeHeapSize                  = 122910874                              {pd product} {ergonomic}
    uintx ProfiledCodeHeapSize                     = 122910874                              {pd product} {ergonomic}
    uintx ReservedCodeCacheSize                    = 251658240                              {pd product} {ergonomic}
     bool SegmentedCodeCache                       = true                                      {product} {ergonomic}
     intx ThreadStackSize                          = 4096                                   {pd product} {command line}
     bool UseCompressedClassPointers               = true                                 {lp64_product} {ergonomic}
     bool UseCompressedOops                        = true                                 {lp64_product} {ergonomic}
     bool UseG1GC                                  = true                                      {product} {ergonomic}

Logging:
Log output configuration:
 #0: stdout all=warning uptime,level,tags
 #1: stderr all=off uptime,level,tags

Environment Variables:
JAVA_HOME=/usr/lib/jvm/java-11-openjdk-arm64
PATH=/home/leo/.vscode-server-insiders/bin/7c0095ee2d064033fc13184127a9adc603454729/bin:/home/leo/.rbenv/shims:/usr/local/sbin:/usr/local/bin:/usr/sbin:/usr/bin:/sbin:/bin:/usr/games:/usr/local/games:/mnt/c/workspace/depot_tools:/mnt/c/Program Files (x86)/AdoptOpenJDK/jdk-11.0.5.10-hotspot/bin:/mnt/c/Program Files (x86)/Windows Resource Kits/Tools/:/mnt/c/WINDOWS/system32:/mnt/c/WINDOWS:/mnt/c/WINDOWS/System32/Wbem:/mnt/c/WINDOWS/System32/WindowsPowerShell/v1.0/:/mnt/c/WINDOWS/System32/OpenSSH/:/mnt/c/Program Files (x86)/Git/cmd:/mnt/c/Program Files (x86)/sbt/bin:/mnt/c/perl/c/bin:/mnt/c/perl/perl/site/bin:/mnt/c/perl/perl/bin:/mnt/c/Python27:/mnt/c/Program Files (x86)/nodejs/:/mnt/c/Program Files (x86)/Yarn/bin/:/mnt/c/Program Files (x86)/Microsoft VS Code Insiders/bin:/mnt/c/Users/tarol/scoop/shims:/mnt/c/Users/tarol/AppData/Local/Microsoft/WindowsApps:/mnt/c/Users/tarol/AppData/Local/Programs/Microsoft VS Code/bin:/mnt/c/Users/tarol/AppData/Local/Microsoft/WindowsApps:/mnt/c/Users/tarol/AppData/Roaming/npm:/mnt/c/Users/tarol/AppData/Local/Yarn/bin:/snap/bin
SHELL=/bin/bash
DISPLAY=192.168.86.1:0
HOSTTYPE=x86_64

Signal Handlers:
SIGSEGV: [libjvm.so+0xbc6f70], sa_mask[0]=11111111111111111111111111111110, sa_flags=SA_RESTART|SA_SIGINFO
SIGBUS: [libjvm.so+0xbc6f70], sa_mask[0]=11111111111111111111111111111110, sa_flags=SA_RESTART|SA_SIGINFO
SIGFPE: [libjvm.so+0xbc6f70], sa_mask[0]=11111111111111111111111111111110, sa_flags=SA_RESTART|SA_SIGINFO
SIGPIPE: [libjvm.so+0x9c7b50], sa_mask[0]=11111111111111111111111111111110, sa_flags=SA_RESTART|SA_SIGINFO
SIGXFSZ: [libjvm.so+0x9c7b50], sa_mask[0]=11111111111111111111111111111110, sa_flags=SA_RESTART|SA_SIGINFO
SIGILL: [libjvm.so+0xbc6f70], sa_mask[0]=11111111111111111111111111111110, sa_flags=SA_RESTART|SA_SIGINFO
SIGUSR2: [libjvm.so+0x9c79f8], sa_mask[0]=00000000000000000000000000000000, sa_flags=SA_RESTART|SA_SIGINFO
SIGHUP: [libjvm.so+0x9c7d40], sa_mask[0]=11111111111111111111111111111110, sa_flags=SA_RESTART|SA_SIGINFO
SIGINT: [libjvm.so+0x9c7d40], sa_mask[0]=11111111111111111111111111111110, sa_flags=SA_RESTART|SA_SIGINFO
SIGTERM: [libjvm.so+0x9c7d40], sa_mask[0]=11111111111111111111111111111110, sa_flags=SA_RESTART|SA_SIGINFO
SIGQUIT: [libjvm.so+0x9c7d40], sa_mask[0]=11111111111111111111111111111110, sa_flags=SA_RESTART|SA_SIGINFO


---------------  S Y S T E M  ---------------

OS:DISTRIB_ID=Ubuntu
DISTRIB_RELEASE=18.04
DISTRIB_CODENAME=bionic
DISTRIB_DESCRIPTION="Ubuntu 18.04.3 LTS"
uname:Linux 4.4.0-19536-Microsoft #1000-Microsoft Wed Dec 11 14:46:00 PST 2019 aarch64
libc:glibc 2.27 NPTL 2.27 
rlimit: STACK 8192k, CORE 0k, NPROC 7823, NOFILE 65536, AS infinity, DATA infinity, FSIZE infinity
load average:0.52 0.58 0.59

/proc/meminfo:
MemTotal:       16222208 kB
MemFree:         4445488 kB
Buffers:           34032 kB
Cached:           188576 kB
SwapCached:            0 kB
Active:           167556 kB
Inactive:         157876 kB
Active(anon):     103104 kB
Inactive(anon):    17440 kB
Active(file):      64452 kB
Inactive(file):   140436 kB
Unevictable:           0 kB
Mlocked:               0 kB
SwapTotal:      50331648 kB
SwapFree:       49238452 kB
Dirty:                 0 kB
Writeback:             0 kB
AnonPages:        102824 kB
Mapped:            71404 kB
Shmem:             17720 kB
Slab:              13868 kB
SReclaimable:       6744 kB
SUnreclaim:         7124 kB
KernelStack:        2848 kB
PageTables:         2524 kB
NFS_Unstable:          0 kB
Bounce:                0 kB
WritebackTmp:          0 kB
CommitLimit:      515524 kB
Committed_AS:    3450064 kB
VmallocTotal:     122880 kB
VmallocUsed:       21296 kB
VmallocChunk:      66044 kB
HardwareCorrupted:     0 kB
AnonHugePages:      2048 kB
HugePages_Total:       0
HugePages_Free:        0
HugePages_Rsvd:        0
HugePages_Surp:        0
Hugepagesize:       2048 kB
DirectMap4k:       12280 kB
DirectMap4M:      897024 kB


/proc/sys/kernel/threads-max (system-wide limit on the number of threads):
32768


/proc/sys/vm/max_map_count (maximum number of memory map areas a process may have):


/proc/sys/kernel/pid_max (system-wide limit on number of process identifiers):
32768



Steal ticks since vm start: 0
Steal ticks percentage since vm start:  0.000

CPU:total 8 (initial active 8) 0x41:0x1:0xd07:0

/proc/cpuinfo:
Processor	:	Microsoft SQ1 @ 3.0 GHz
processor	:	0
BogoMIPS	:	1766

processor	:	1
BogoMIPS	:	1766

processor	:	2
BogoMIPS	:	1766

processor	:	3
BogoMIPS	:	1766

processor	:	4
BogoMIPS	:	2995

processor	:	5
BogoMIPS	:	2995

processor	:	6
BogoMIPS	:	2995

processor	:	7
BogoMIPS	:	2995

Features	:	 fp asimd evtstrm aes pmull sha1 sha2 crc32
CPU implementer	:	0x41
CPU architecture	:	8
CPU variant	:	0x1
CPU part	:	0xd07
CPU revision	:	0

Hardware	:	Microsoft Corporation
Revision	:	0000
Serial	:	0000000000000000

Memory: 4k page, physical 16222208k(4445412k free), swap 50331648k(49238452k free)

vm_info: OpenJDK 64-Bit Server VM (11.0.5+10-post-Ubuntu-0ubuntu1.118.04) for linux-aarch64 JRE (11.0.5+10-post-Ubuntu-0ubuntu1.118.04), built on Oct 16 2019 22:01:07 by "buildd" with gcc 7.4.0

END.
